{"/weaver/haro/src/App.tsx": {"path":"/weaver/haro/src/App.tsx","statementMap":{"0":{"start":{"line":11,"column":22},"end":{"line":11,"column":null}},"1":{"start":{"line":13,"column":2},"end":{"line":26,"column":null}}},"fnMap":{"0":{"name":"App","decl":{"start":{"line":10,"column":9},"end":{"line":10,"column":15}},"loc":{"start":{"line":10,"column":15},"end":{"line":28,"column":null}},"line":10}},"branchMap":{},"s":{"0":1,"1":1},"f":{"0":1},"b":{},"meta":{"lastBranch":0,"lastFunction":1,"lastStatement":2,"seen":{"f:10:9:10:15":0,"s:11:22:11:Infinity":0,"s:13:2:26:Infinity":1}}}
,"/weaver/haro/src/api/client.ts": {"path":"/weaver/haro/src/api/client.ts","statementMap":{"0":{"start":{"line":10,"column":17},"end":{"line":10,"column":null}},"1":{"start":{"line":20,"column":4},"end":{"line":20,"column":null}},"2":{"start":{"line":21,"column":4},"end":{"line":21,"column":null}},"3":{"start":{"line":22,"column":4},"end":{"line":22,"column":null}},"4":{"start":{"line":23,"column":4},"end":{"line":23,"column":null}},"5":{"start":{"line":34,"column":14},"end":{"line":34,"column":null}},"6":{"start":{"line":35,"column":2},"end":{"line":41,"column":null}},"7":{"start":{"line":36,"column":4},"end":{"line":40,"column":null}},"8":{"start":{"line":37,"column":6},"end":{"line":39,"column":null}},"9":{"start":{"line":38,"column":8},"end":{"line":38,"column":null}},"10":{"start":{"line":43,"column":19},"end":{"line":48,"column":null}},"11":{"start":{"line":50,"column":2},"end":{"line":50,"column":null}},"12":{"start":{"line":57,"column":19},"end":{"line":63,"column":null}},"13":{"start":{"line":65,"column":2},"end":{"line":65,"column":null}},"14":{"start":{"line":72,"column":19},"end":{"line":77,"column":null}},"15":{"start":{"line":79,"column":2},"end":{"line":79,"column":null}},"16":{"start":{"line":86,"column":2},"end":{"line":99,"column":null}},"17":{"start":{"line":87,"column":23},"end":{"line":87,"column":null}},"18":{"start":{"line":90,"column":4},"end":{"line":96,"column":null}},"19":{"start":{"line":91,"column":25},"end":{"line":91,"column":null}},"20":{"start":{"line":92,"column":6},"end":{"line":92,"column":null}},"21":{"start":{"line":93,"column":6},"end":{"line":93,"column":null}},"22":{"start":{"line":98,"column":4},"end":{"line":98,"column":null}},"23":{"start":{"line":102,"column":2},"end":{"line":104,"column":null}},"24":{"start":{"line":103,"column":4},"end":{"line":103,"column":null}},"25":{"start":{"line":106,"column":2},"end":{"line":106,"column":null}},"26":{"start":{"line":112,"column":25},"end":{"line":116,"column":null}}},"fnMap":{"0":{"name":"(anonymous_0)","decl":{"start":{"line":19,"column":2},"end":{"line":19,"column":14}},"loc":{"start":{"line":19,"column":70},"end":{"line":24,"column":null}},"line":19},"1":{"name":"get","decl":{"start":{"line":30,"column":22},"end":{"line":30,"column":null}},"loc":{"start":{"line":33,"column":14},"end":{"line":51,"column":null}},"line":33},"2":{"name":"(anonymous_2)","decl":{"start":{"line":36,"column":35},"end":{"line":36,"column":36}},"loc":{"start":{"line":36,"column":53},"end":{"line":40,"column":5}},"line":36},"3":{"name":"post","decl":{"start":{"line":56,"column":22},"end":{"line":56,"column":30}},"loc":{"start":{"line":56,"column":72},"end":{"line":66,"column":null}},"line":56},"4":{"name":"del","decl":{"start":{"line":71,"column":22},"end":{"line":71,"column":29}},"loc":{"start":{"line":71,"column":55},"end":{"line":80,"column":null}},"line":71},"5":{"name":"handleResponse","decl":{"start":{"line":85,"column":15},"end":{"line":85,"column":33}},"loc":{"start":{"line":85,"column":65},"end":{"line":107,"column":null}},"line":85}},"branchMap":{"0":{"loc":{"start":{"line":35,"column":2},"end":{"line":41,"column":null}},"type":"if","locations":[{"start":{"line":35,"column":2},"end":{"line":41,"column":null}},{"start":{},"end":{}}],"line":35},"1":{"loc":{"start":{"line":37,"column":6},"end":{"line":39,"column":null}},"type":"if","locations":[{"start":{"line":37,"column":6},"end":{"line":39,"column":null}},{"start":{},"end":{}}],"line":37},"2":{"loc":{"start":{"line":37,"column":10},"end":{"line":37,"column":47}},"type":"binary-expr","locations":[{"start":{"line":37,"column":10},"end":{"line":37,"column":33}},{"start":{"line":37,"column":33},"end":{"line":37,"column":47}}],"line":37},"3":{"loc":{"start":{"line":62,"column":10},"end":{"line":62,"column":null}},"type":"cond-expr","locations":[{"start":{"line":62,"column":17},"end":{"line":62,"column":40}},{"start":{"line":62,"column":40},"end":{"line":62,"column":null}}],"line":62},"4":{"loc":{"start":{"line":86,"column":2},"end":{"line":99,"column":null}},"type":"if","locations":[{"start":{"line":86,"column":2},"end":{"line":99,"column":null}},{"start":{},"end":{}}],"line":86},"5":{"loc":{"start":{"line":92,"column":21},"end":{"line":92,"column":null}},"type":"binary-expr","locations":[{"start":{"line":92,"column":21},"end":{"line":92,"column":41}},{"start":{"line":92,"column":41},"end":{"line":92,"column":null}}],"line":92},"6":{"loc":{"start":{"line":102,"column":2},"end":{"line":104,"column":null}},"type":"if","locations":[{"start":{"line":102,"column":2},"end":{"line":104,"column":null}},{"start":{},"end":{}}],"line":102}},"s":{"0":9,"1":3,"2":3,"3":3,"4":3,"5":69,"6":69,"7":52,"8":91,"9":91,"10":69,"11":69,"12":7,"13":7,"14":1,"15":1,"16":77,"17":3,"18":3,"19":3,"20":3,"21":3,"22":3,"23":74,"24":1,"25":73,"26":9},"f":{"0":3,"1":69,"2":91,"3":7,"4":1,"5":77},"b":{"0":[52,17],"1":[91,0],"2":[91,91],"3":[3,4],"4":[3,74],"5":[3,0],"6":[1,73]},"meta":{"lastBranch":7,"lastFunction":6,"lastStatement":27,"seen":{"s:10:17:10:Infinity":0,"f:19:2:19:14":0,"s:20:4:20:Infinity":1,"s:21:4:21:Infinity":2,"s:22:4:22:Infinity":3,"s:23:4:23:Infinity":4,"f:30:22:30:Infinity":1,"s:34:14:34:Infinity":5,"b:35:2:41:Infinity:undefined:undefined:undefined:undefined":0,"s:35:2:41:Infinity":6,"s:36:4:40:Infinity":7,"f:36:35:36:36":2,"b:37:6:39:Infinity:undefined:undefined:undefined:undefined":1,"s:37:6:39:Infinity":8,"b:37:10:37:33:37:33:37:47":2,"s:38:8:38:Infinity":9,"s:43:19:48:Infinity":10,"s:50:2:50:Infinity":11,"f:56:22:56:30":3,"s:57:19:63:Infinity":12,"b:62:17:62:40:62:40:62:Infinity":3,"s:65:2:65:Infinity":13,"f:71:22:71:29":4,"s:72:19:77:Infinity":14,"s:79:2:79:Infinity":15,"f:85:15:85:33":5,"b:86:2:99:Infinity:undefined:undefined:undefined:undefined":4,"s:86:2:99:Infinity":16,"s:87:23:87:Infinity":17,"s:90:4:96:Infinity":18,"s:91:25:91:Infinity":19,"s:92:6:92:Infinity":20,"b:92:21:92:41:92:41:92:Infinity":5,"s:93:6:93:Infinity":21,"s:98:4:98:Infinity":22,"b:102:2:104:Infinity:undefined:undefined:undefined:undefined":6,"s:102:2:104:Infinity":23,"s:103:4:103:Infinity":24,"s:106:2:106:Infinity":25,"s:112:25:116:Infinity":26}}}
,"/weaver/haro/src/api/health.ts": {"path":"/weaver/haro/src/api/health.ts","statementMap":{"0":{"start":{"line":14,"column":2},"end":{"line":14,"column":null}}},"fnMap":{"0":{"name":"fetchHealth","decl":{"start":{"line":13,"column":22},"end":{"line":13,"column":61}},"loc":{"start":{"line":13,"column":61},"end":{"line":15,"column":null}},"line":13}},"branchMap":{},"s":{"0":11},"f":{"0":11},"b":{},"meta":{"lastBranch":0,"lastFunction":1,"lastStatement":1,"seen":{"f:13:22:13:61":0,"s:14:2:14:Infinity":0}}}
,"/weaver/haro/src/api/index.ts": {"path":"/weaver/haro/src/api/index.ts","statementMap":{},"fnMap":{},"branchMap":{},"s":{},"f":{},"b":{},"meta":{"lastBranch":0,"lastFunction":0,"lastStatement":0,"seen":{}}}
,"/weaver/haro/src/api/orders.ts": {"path":"/weaver/haro/src/api/orders.ts","statementMap":{"0":{"start":{"line":19,"column":46},"end":{"line":19,"column":null}},"1":{"start":{"line":20,"column":2},"end":{"line":20,"column":null}},"2":{"start":{"line":20,"column":20},"end":{"line":20,"column":null}},"3":{"start":{"line":21,"column":2},"end":{"line":21,"column":null}},"4":{"start":{"line":21,"column":25},"end":{"line":21,"column":null}},"5":{"start":{"line":22,"column":2},"end":{"line":22,"column":null}},"6":{"start":{"line":22,"column":22},"end":{"line":22,"column":null}},"7":{"start":{"line":23,"column":2},"end":{"line":23,"column":null}},"8":{"start":{"line":23,"column":22},"end":{"line":23,"column":null}},"9":{"start":{"line":25,"column":2},"end":{"line":25,"column":null}},"10":{"start":{"line":32,"column":2},"end":{"line":32,"column":null}},"11":{"start":{"line":39,"column":2},"end":{"line":39,"column":null}}},"fnMap":{"0":{"name":"fetchOrders","decl":{"start":{"line":13,"column":22},"end":{"line":13,"column":34}},"loc":{"start":{"line":18,"column":31},"end":{"line":26,"column":null}},"line":18},"1":{"name":"fetchOrder","decl":{"start":{"line":31,"column":22},"end":{"line":31,"column":33}},"loc":{"start":{"line":31,"column":66},"end":{"line":33,"column":null}},"line":31},"2":{"name":"cancelOrder","decl":{"start":{"line":38,"column":22},"end":{"line":38,"column":34}},"loc":{"start":{"line":38,"column":66},"end":{"line":40,"column":null}},"line":38}},"branchMap":{"0":{"loc":{"start":{"line":20,"column":2},"end":{"line":20,"column":null}},"type":"if","locations":[{"start":{"line":20,"column":2},"end":{"line":20,"column":null}},{"start":{},"end":{}}],"line":20},"1":{"loc":{"start":{"line":21,"column":2},"end":{"line":21,"column":null}},"type":"if","locations":[{"start":{"line":21,"column":2},"end":{"line":21,"column":null}},{"start":{},"end":{}}],"line":21},"2":{"loc":{"start":{"line":22,"column":2},"end":{"line":22,"column":null}},"type":"if","locations":[{"start":{"line":22,"column":2},"end":{"line":22,"column":null}},{"start":{},"end":{}}],"line":22},"3":{"loc":{"start":{"line":23,"column":2},"end":{"line":23,"column":null}},"type":"if","locations":[{"start":{"line":23,"column":2},"end":{"line":23,"column":null}},{"start":{},"end":{}}],"line":23}},"s":{"0":23,"1":23,"2":18,"3":23,"4":18,"5":23,"6":2,"7":23,"8":1,"9":23,"10":2,"11":1},"f":{"0":23,"1":2,"2":1},"b":{"0":[18,5],"1":[18,5],"2":[2,21],"3":[1,22]},"meta":{"lastBranch":4,"lastFunction":3,"lastStatement":12,"seen":{"f:13:22:13:34":0,"s:19:46:19:Infinity":0,"b:20:2:20:Infinity:undefined:undefined:undefined:undefined":0,"s:20:2:20:Infinity":1,"s:20:20:20:Infinity":2,"b:21:2:21:Infinity:undefined:undefined:undefined:undefined":1,"s:21:2:21:Infinity":3,"s:21:25:21:Infinity":4,"b:22:2:22:Infinity:undefined:undefined:undefined:undefined":2,"s:22:2:22:Infinity":5,"s:22:22:22:Infinity":6,"b:23:2:23:Infinity:undefined:undefined:undefined:undefined":3,"s:23:2:23:Infinity":7,"s:23:22:23:Infinity":8,"s:25:2:25:Infinity":9,"f:31:22:31:33":1,"s:32:2:32:Infinity":10,"f:38:22:38:34":2,"s:39:2:39:Infinity":11}}}
,"/weaver/haro/src/api/runs.ts": {"path":"/weaver/haro/src/api/runs.ts","statementMap":{"0":{"start":{"line":18,"column":46},"end":{"line":18,"column":null}},"1":{"start":{"line":19,"column":2},"end":{"line":19,"column":null}},"2":{"start":{"line":19,"column":20},"end":{"line":19,"column":null}},"3":{"start":{"line":20,"column":2},"end":{"line":20,"column":null}},"4":{"start":{"line":20,"column":25},"end":{"line":20,"column":null}},"5":{"start":{"line":21,"column":2},"end":{"line":21,"column":null}},"6":{"start":{"line":21,"column":22},"end":{"line":21,"column":null}},"7":{"start":{"line":23,"column":2},"end":{"line":23,"column":null}},"8":{"start":{"line":30,"column":2},"end":{"line":30,"column":null}},"9":{"start":{"line":37,"column":2},"end":{"line":37,"column":null}},"10":{"start":{"line":44,"column":2},"end":{"line":44,"column":null}},"11":{"start":{"line":51,"column":2},"end":{"line":51,"column":null}}},"fnMap":{"0":{"name":"fetchRuns","decl":{"start":{"line":13,"column":22},"end":{"line":13,"column":32}},"loc":{"start":{"line":17,"column":29},"end":{"line":24,"column":null}},"line":17},"1":{"name":"fetchRun","decl":{"start":{"line":29,"column":22},"end":{"line":29,"column":31}},"loc":{"start":{"line":29,"column":60},"end":{"line":31,"column":null}},"line":29},"2":{"name":"createRun","decl":{"start":{"line":36,"column":22},"end":{"line":36,"column":32}},"loc":{"start":{"line":36,"column":63},"end":{"line":38,"column":null}},"line":36},"3":{"name":"startRun","decl":{"start":{"line":43,"column":22},"end":{"line":43,"column":31}},"loc":{"start":{"line":43,"column":60},"end":{"line":45,"column":null}},"line":43},"4":{"name":"stopRun","decl":{"start":{"line":50,"column":22},"end":{"line":50,"column":30}},"loc":{"start":{"line":50,"column":59},"end":{"line":52,"column":null}},"line":50}},"branchMap":{"0":{"loc":{"start":{"line":19,"column":2},"end":{"line":19,"column":null}},"type":"if","locations":[{"start":{"line":19,"column":2},"end":{"line":19,"column":null}},{"start":{},"end":{}}],"line":19},"1":{"loc":{"start":{"line":20,"column":2},"end":{"line":20,"column":null}},"type":"if","locations":[{"start":{"line":20,"column":2},"end":{"line":20,"column":null}},{"start":{},"end":{}}],"line":20},"2":{"loc":{"start":{"line":21,"column":2},"end":{"line":21,"column":null}},"type":"if","locations":[{"start":{"line":21,"column":2},"end":{"line":21,"column":null}},{"start":{},"end":{}}],"line":21}},"s":{"0":29,"1":29,"2":26,"3":29,"4":26,"5":29,"6":0,"7":29,"8":4,"9":3,"10":1,"11":3},"f":{"0":29,"1":4,"2":3,"3":1,"4":3},"b":{"0":[26,3],"1":[26,3],"2":[0,29]},"meta":{"lastBranch":3,"lastFunction":5,"lastStatement":12,"seen":{"f:13:22:13:32":0,"s:18:46:18:Infinity":0,"b:19:2:19:Infinity:undefined:undefined:undefined:undefined":0,"s:19:2:19:Infinity":1,"s:19:20:19:Infinity":2,"b:20:2:20:Infinity:undefined:undefined:undefined:undefined":1,"s:20:2:20:Infinity":3,"s:20:25:20:Infinity":4,"b:21:2:21:Infinity:undefined:undefined:undefined:undefined":2,"s:21:2:21:Infinity":5,"s:21:22:21:Infinity":6,"s:23:2:23:Infinity":7,"f:29:22:29:31":1,"s:30:2:30:Infinity":8,"f:36:22:36:32":2,"s:37:2:37:Infinity":9,"f:43:22:43:31":3,"s:44:2:44:Infinity":10,"f:50:22:50:30":4,"s:51:2:51:Infinity":11}}}
,"/weaver/haro/src/api/types.ts": {"path":"/weaver/haro/src/api/types.ts","statementMap":{},"fnMap":{},"branchMap":{},"s":{},"f":{},"b":{},"meta":{"lastBranch":0,"lastFunction":0,"lastStatement":0,"seen":{}}}
,"/weaver/haro/src/components/common/ConnectionStatus.tsx": {"path":"/weaver/haro/src/components/common/ConnectionStatus.tsx","statementMap":{"0":{"start":{"line":13,"column":2},"end":{"line":24,"column":null}}},"fnMap":{"0":{"name":"ConnectionStatus","decl":{"start":{"line":12,"column":16},"end":{"line":12,"column":33}},"loc":{"start":{"line":12,"column":73},"end":{"line":26,"column":null}},"line":12}},"branchMap":{"0":{"loc":{"start":{"line":18,"column":10},"end":{"line":18,"column":null}},"type":"cond-expr","locations":[{"start":{"line":18,"column":24},"end":{"line":18,"column":41}},{"start":{"line":18,"column":41},"end":{"line":18,"column":null}}],"line":18},"1":{"loc":{"start":{"line":21,"column":23},"end":{"line":21,"column":null}},"type":"cond-expr","locations":[{"start":{"line":21,"column":37},"end":{"line":21,"column":56}},{"start":{"line":21,"column":56},"end":{"line":21,"column":null}}],"line":21},"2":{"loc":{"start":{"line":22,"column":9},"end":{"line":22,"column":null}},"type":"cond-expr","locations":[{"start":{"line":22,"column":23},"end":{"line":22,"column":37}},{"start":{"line":22,"column":37},"end":{"line":22,"column":null}}],"line":22}},"s":{"0":13},"f":{"0":13},"b":{"0":[2,11],"1":[2,11],"2":[2,11]},"meta":{"lastBranch":3,"lastFunction":1,"lastStatement":1,"seen":{"f:12:16:12:33":0,"s:13:2:24:Infinity":0,"b:18:24:18:41:18:41:18:Infinity":0,"b:21:37:21:56:21:56:21:Infinity":1,"b:22:23:22:37:22:37:22:Infinity":2}}}
,"/weaver/haro/src/components/common/StatCard.tsx": {"path":"/weaver/haro/src/components/common/StatCard.tsx","statementMap":{"0":{"start":{"line":18,"column":45},"end":{"line":23,"column":null}},"1":{"start":{"line":32,"column":2},"end":{"line":48,"column":null}}},"fnMap":{"0":{"name":"StatCard","decl":{"start":{"line":25,"column":16},"end":{"line":25,"column":25}},"loc":{"start":{"line":31,"column":18},"end":{"line":50,"column":null}},"line":31}},"branchMap":{"0":{"loc":{"start":{"line":30,"column":2},"end":{"line":30,"column":null}},"type":"default-arg","locations":[{"start":{"line":30,"column":11},"end":{"line":30,"column":null}}],"line":30},"1":{"loc":{"start":{"line":40,"column":11},"end":{"line":40,"column":null}},"type":"binary-expr","locations":[{"start":{"line":40,"column":11},"end":{"line":40,"column":20}},{"start":{"line":40,"column":20},"end":{"line":40,"column":null}}],"line":40},"2":{"loc":{"start":{"line":42,"column":9},"end":{"line":45,"column":null}},"type":"binary-expr","locations":[{"start":{"line":42,"column":9},"end":{"line":42,"column":null}},{"start":{"line":43,"column":10},"end":{"line":45,"column":null}}],"line":42}},"s":{"0":3,"1":24},"f":{"0":24},"b":{"0":[24],"1":[24,1],"2":[24,21]},"meta":{"lastBranch":3,"lastFunction":1,"lastStatement":2,"seen":{"s:18:45:23:Infinity":0,"f:25:16:25:25":0,"b:30:11:30:Infinity":0,"s:32:2:48:Infinity":1,"b:40:11:40:20:40:20:40:Infinity":1,"b:42:9:42:Infinity:43:10:45:Infinity":2}}}
,"/weaver/haro/src/components/common/StatusBadge.tsx": {"path":"/weaver/haro/src/components/common/StatusBadge.tsx","statementMap":{"0":{"start":{"line":18,"column":52},"end":{"line":27,"column":null}},"1":{"start":{"line":35,"column":22},"end":{"line":35,"column":null}},"2":{"start":{"line":36,"column":16},"end":{"line":36,"column":null}},"3":{"start":{"line":38,"column":2},"end":{"line":43,"column":null}}},"fnMap":{"0":{"name":"StatusBadge","decl":{"start":{"line":34,"column":16},"end":{"line":34,"column":28}},"loc":{"start":{"line":34,"column":66},"end":{"line":45,"column":null}},"line":34}},"branchMap":{"0":{"loc":{"start":{"line":35,"column":22},"end":{"line":35,"column":null}},"type":"binary-expr","locations":[{"start":{"line":35,"column":22},"end":{"line":35,"column":31}},{"start":{"line":35,"column":31},"end":{"line":35,"column":null}}],"line":35},"1":{"loc":{"start":{"line":36,"column":16},"end":{"line":36,"column":null}},"type":"binary-expr","locations":[{"start":{"line":36,"column":16},"end":{"line":36,"column":42}},{"start":{"line":36,"column":42},"end":{"line":36,"column":null}}],"line":36}},"s":{"0":2,"1":62,"2":62,"3":62},"f":{"0":62},"b":{"0":[62,62],"1":[62,0]},"meta":{"lastBranch":2,"lastFunction":1,"lastStatement":4,"seen":{"s:18:52:27:Infinity":0,"f:34:16:34:28":0,"s:35:22:35:Infinity":1,"b:35:22:35:31:35:31:35:Infinity":0,"s:36:16:36:Infinity":2,"b:36:16:36:42:36:42:36:Infinity":1,"s:38:2:43:Infinity":3}}}
,"/weaver/haro/src/components/common/Toast.tsx": {"path":"/weaver/haro/src/components/common/Toast.tsx","statementMap":{"0":{"start":{"line":17,"column":53},"end":{"line":22,"column":null}},"1":{"start":{"line":24,"column":52},"end":{"line":29,"column":null}},"2":{"start":{"line":36,"column":8},"end":{"line":36,"column":null}},"3":{"start":{"line":36,"column":52},"end":{"line":36,"column":67}},"4":{"start":{"line":37,"column":8},"end":{"line":37,"column":null}},"5":{"start":{"line":37,"column":57},"end":{"line":37,"column":77}},"6":{"start":{"line":39,"column":2},"end":{"line":61,"column":null}},"7":{"start":{"line":45,"column":8},"end":{"line":59,"column":null}},"8":{"start":{"line":53,"column":27},"end":{"line":53,"column":null}}},"fnMap":{"0":{"name":"Toast","decl":{"start":{"line":35,"column":16},"end":{"line":35,"column":24}},"loc":{"start":{"line":35,"column":24},"end":{"line":63,"column":null}},"line":35},"1":{"name":"(anonymous_1)","decl":{"start":{"line":36,"column":45},"end":{"line":36,"column":46}},"loc":{"start":{"line":36,"column":52},"end":{"line":36,"column":67}},"line":36},"2":{"name":"(anonymous_2)","decl":{"start":{"line":37,"column":50},"end":{"line":37,"column":51}},"loc":{"start":{"line":37,"column":57},"end":{"line":37,"column":77}},"line":37},"3":{"name":"(anonymous_3)","decl":{"start":{"line":44,"column":25},"end":{"line":44,"column":26}},"loc":{"start":{"line":45,"column":8},"end":{"line":59,"column":null}},"line":45},"4":{"name":"(anonymous_4)","decl":{"start":{"line":53,"column":21},"end":{"line":53,"column":27}},"loc":{"start":{"line":53,"column":27},"end":{"line":53,"column":null}},"line":53}},"branchMap":{},"s":{"0":2,"1":2,"2":6,"3":19,"4":6,"5":19,"6":6,"7":4,"8":1},"f":{"0":6,"1":19,"2":19,"3":4,"4":1},"b":{},"meta":{"lastBranch":0,"lastFunction":5,"lastStatement":9,"seen":{"s:17:53:22:Infinity":0,"s:24:52:29:Infinity":1,"f:35:16:35:24":0,"s:36:8:36:Infinity":2,"f:36:45:36:46":1,"s:36:52:36:67":3,"s:37:8:37:Infinity":4,"f:37:50:37:51":2,"s:37:57:37:77":5,"s:39:2:61:Infinity":6,"f:44:25:44:26":3,"s:45:8:59:Infinity":7,"f:53:21:53:27":4,"s:53:27:53:Infinity":8}}}
,"/weaver/haro/src/components/common/index.ts": {"path":"/weaver/haro/src/components/common/index.ts","statementMap":{},"fnMap":{},"branchMap":{},"s":{},"f":{},"b":{},"meta":{"lastBranch":0,"lastFunction":0,"lastStatement":0,"seen":{}}}
,"/weaver/haro/src/components/dashboard/ActivityFeed.tsx": {"path":"/weaver/haro/src/components/dashboard/ActivityFeed.tsx","statementMap":{"0":{"start":{"line":17,"column":4},"end":{"line":43,"column":null}},"1":{"start":{"line":46,"column":15},"end":{"line":46,"column":null}},"2":{"start":{"line":47,"column":14},"end":{"line":47,"column":null}},"3":{"start":{"line":48,"column":17},"end":{"line":48,"column":null}},"4":{"start":{"line":49,"column":19},"end":{"line":49,"column":null}},"5":{"start":{"line":50,"column":20},"end":{"line":50,"column":null}},"6":{"start":{"line":51,"column":19},"end":{"line":51,"column":null}},"7":{"start":{"line":53,"column":2},"end":{"line":53,"column":null}},"8":{"start":{"line":53,"column":20},"end":{"line":53,"column":null}},"9":{"start":{"line":54,"column":2},"end":{"line":54,"column":null}},"10":{"start":{"line":54,"column":21},"end":{"line":54,"column":null}},"11":{"start":{"line":55,"column":2},"end":{"line":55,"column":null}},"12":{"start":{"line":55,"column":22},"end":{"line":55,"column":null}},"13":{"start":{"line":56,"column":2},"end":{"line":56,"column":null}},"14":{"start":{"line":60,"column":2},"end":{"line":68,"column":null}},"15":{"start":{"line":61,"column":4},"end":{"line":66,"column":null}},"16":{"start":{"line":64,"column":10},"end":{"line":64,"column":null}},"17":{"start":{"line":70,"column":2},"end":{"line":79,"column":null}},"18":{"start":{"line":71,"column":4},"end":{"line":77,"column":null}},"19":{"start":{"line":81,"column":2},"end":{"line":114,"column":null}},"20":{"start":{"line":84,"column":23},"end":{"line":84,"column":null}},"21":{"start":{"line":85,"column":8},"end":{"line":111,"column":null}}},"fnMap":{"0":{"name":"formatTimeAgo","decl":{"start":{"line":45,"column":9},"end":{"line":45,"column":23}},"loc":{"start":{"line":45,"column":48},"end":{"line":57,"column":null}},"line":45},"1":{"name":"ActivityFeed","decl":{"start":{"line":59,"column":16},"end":{"line":59,"column":29}},"loc":{"start":{"line":59,"column":69},"end":{"line":116,"column":null}},"line":59},"2":{"name":"(anonymous_2)","decl":{"start":{"line":63,"column":23},"end":{"line":63,"column":24}},"loc":{"start":{"line":64,"column":10},"end":{"line":64,"column":null}},"line":64},"3":{"name":"(anonymous_3)","decl":{"start":{"line":83,"column":16},"end":{"line":83,"column":17}},"loc":{"start":{"line":83,"column":25},"end":{"line":113,"column":7}},"line":83}},"branchMap":{"0":{"loc":{"start":{"line":53,"column":2},"end":{"line":53,"column":null}},"type":"if","locations":[{"start":{"line":53,"column":2},"end":{"line":53,"column":null}},{"start":{},"end":{}}],"line":53},"1":{"loc":{"start":{"line":54,"column":2},"end":{"line":54,"column":null}},"type":"if","locations":[{"start":{"line":54,"column":2},"end":{"line":54,"column":null}},{"start":{},"end":{}}],"line":54},"2":{"loc":{"start":{"line":55,"column":2},"end":{"line":55,"column":null}},"type":"if","locations":[{"start":{"line":55,"column":2},"end":{"line":55,"column":null}},{"start":{},"end":{}}],"line":55},"3":{"loc":{"start":{"line":60,"column":2},"end":{"line":68,"column":null}},"type":"if","locations":[{"start":{"line":60,"column":2},"end":{"line":68,"column":null}},{"start":{},"end":{}}],"line":60},"4":{"loc":{"start":{"line":70,"column":2},"end":{"line":79,"column":null}},"type":"if","locations":[{"start":{"line":70,"column":2},"end":{"line":79,"column":null}},{"start":{},"end":{}}],"line":70},"5":{"loc":{"start":{"line":84,"column":23},"end":{"line":84,"column":null}},"type":"binary-expr","locations":[{"start":{"line":84,"column":23},"end":{"line":84,"column":51}},{"start":{"line":84,"column":51},"end":{"line":84,"column":null}}],"line":84}},"s":{"0":3,"1":14,"2":14,"3":14,"4":14,"5":14,"6":14,"7":14,"8":2,"9":12,"10":0,"11":12,"12":12,"13":12,"14":9,"15":1,"16":3,"17":8,"18":1,"19":7,"20":14,"21":14},"f":{"0":14,"1":9,"2":3,"3":14},"b":{"0":[2,12],"1":[0,12],"2":[0,12],"3":[1,8],"4":[1,7],"5":[14,0]},"meta":{"lastBranch":6,"lastFunction":4,"lastStatement":22,"seen":{"s:17:4:43:Infinity":0,"f:45:9:45:23":0,"s:46:15:46:Infinity":1,"s:47:14:47:Infinity":2,"s:48:17:48:Infinity":3,"s:49:19:49:Infinity":4,"s:50:20:50:Infinity":5,"s:51:19:51:Infinity":6,"b:53:2:53:Infinity:undefined:undefined:undefined:undefined":0,"s:53:2:53:Infinity":7,"s:53:20:53:Infinity":8,"b:54:2:54:Infinity:undefined:undefined:undefined:undefined":1,"s:54:2:54:Infinity":9,"s:54:21:54:Infinity":10,"b:55:2:55:Infinity:undefined:undefined:undefined:undefined":2,"s:55:2:55:Infinity":11,"s:55:22:55:Infinity":12,"s:56:2:56:Infinity":13,"f:59:16:59:29":1,"b:60:2:68:Infinity:undefined:undefined:undefined:undefined":3,"s:60:2:68:Infinity":14,"s:61:4:66:Infinity":15,"f:63:23:63:24":2,"s:64:10:64:Infinity":16,"b:70:2:79:Infinity:undefined:undefined:undefined:undefined":4,"s:70:2:79:Infinity":17,"s:71:4:77:Infinity":18,"s:81:2:114:Infinity":19,"f:83:16:83:17":3,"s:84:23:84:Infinity":20,"b:84:23:84:51:84:51:84:Infinity":5,"s:85:8:111:Infinity":21}}}
,"/weaver/haro/src/components/dashboard/index.ts": {"path":"/weaver/haro/src/components/dashboard/index.ts","statementMap":{},"fnMap":{},"branchMap":{},"s":{},"f":{},"b":{},"meta":{"lastBranch":0,"lastFunction":0,"lastStatement":0,"seen":{}}}
,"/weaver/haro/src/components/layout/Header.tsx": {"path":"/weaver/haro/src/components/layout/Header.tsx","statementMap":{"0":{"start":{"line":9,"column":2},"end":{"line":22,"column":null}}},"fnMap":{"0":{"name":"Header","decl":{"start":{"line":8,"column":16},"end":{"line":8,"column":23}},"loc":{"start":{"line":8,"column":61},"end":{"line":24,"column":null}},"line":8}},"branchMap":{"0":{"loc":{"start":{"line":8,"column":25},"end":{"line":8,"column":45}},"type":"default-arg","locations":[{"start":{"line":8,"column":39},"end":{"line":8,"column":45}}],"line":8}},"s":{"0":9},"f":{"0":9},"b":{"0":[9]},"meta":{"lastBranch":1,"lastFunction":1,"lastStatement":1,"seen":{"f:8:16:8:23":0,"b:8:39:8:45":0,"s:9:2:22:Infinity":0}}}
,"/weaver/haro/src/components/layout/Layout.tsx": {"path":"/weaver/haro/src/components/layout/Layout.tsx","statementMap":{"0":{"start":{"line":10,"column":2},"end":{"line":17,"column":null}}},"fnMap":{"0":{"name":"Layout","decl":{"start":{"line":9,"column":16},"end":{"line":9,"column":23}},"loc":{"start":{"line":9,"column":71},"end":{"line":19,"column":null}},"line":9}},"branchMap":{"0":{"loc":{"start":{"line":9,"column":35},"end":{"line":9,"column":55}},"type":"default-arg","locations":[{"start":{"line":9,"column":49},"end":{"line":9,"column":55}}],"line":9}},"s":{"0":9},"f":{"0":9},"b":{"0":[9]},"meta":{"lastBranch":1,"lastFunction":1,"lastStatement":1,"seen":{"f:9:16:9:23":0,"b:9:49:9:55":0,"s:10:2:17:Infinity":0}}}
,"/weaver/haro/src/components/layout/Sidebar.tsx": {"path":"/weaver/haro/src/components/layout/Sidebar.tsx","statementMap":{"0":{"start":{"line":10,"column":2},"end":{"line":23,"column":null}},"1":{"start":{"line":14,"column":8},"end":{"line":18,"column":null}},"2":{"start":{"line":28,"column":2},"end":{"line":89,"column":null}}},"fnMap":{"0":{"name":"NavItem","decl":{"start":{"line":9,"column":9},"end":{"line":9,"column":17}},"loc":{"start":{"line":9,"column":52},"end":{"line":25,"column":null}},"line":9},"1":{"name":"(anonymous_1)","decl":{"start":{"line":13,"column":17},"end":{"line":13,"column":18}},"loc":{"start":{"line":14,"column":8},"end":{"line":18,"column":null}},"line":14},"2":{"name":"Sidebar","decl":{"start":{"line":27,"column":16},"end":{"line":27,"column":26}},"loc":{"start":{"line":27,"column":26},"end":{"line":91,"column":null}},"line":27}},"branchMap":{"0":{"loc":{"start":{"line":15,"column":10},"end":{"line":17,"column":null}},"type":"cond-expr","locations":[{"start":{"line":16,"column":14},"end":{"line":16,"column":null}},{"start":{"line":17,"column":14},"end":{"line":17,"column":null}}],"line":15}},"s":{"0":27,"1":30,"2":9},"f":{"0":27,"1":30,"2":9},"b":{"0":[6,24]},"meta":{"lastBranch":1,"lastFunction":3,"lastStatement":3,"seen":{"f:9:9:9:17":0,"s:10:2:23:Infinity":0,"f:13:17:13:18":1,"s:14:8:18:Infinity":1,"b:16:14:16:Infinity:17:14:17:Infinity":0,"f:27:16:27:26":2,"s:28:2:89:Infinity":2}}}
,"/weaver/haro/src/components/layout/index.ts": {"path":"/weaver/haro/src/components/layout/index.ts","statementMap":{},"fnMap":{},"branchMap":{},"s":{},"f":{},"b":{},"meta":{"lastBranch":0,"lastFunction":0,"lastStatement":0,"seen":{}}}
,"/weaver/haro/src/components/orders/OrderDetailModal.tsx": {"path":"/weaver/haro/src/components/orders/OrderDetailModal.tsx","statementMap":{"0":{"start":{"line":17,"column":2},"end":{"line":17,"column":null}},"1":{"start":{"line":21,"column":2},"end":{"line":130,"column":null}},"2":{"start":{"line":143,"column":2},"end":{"line":149,"column":null}}},"fnMap":{"0":{"name":"formatDate","decl":{"start":{"line":16,"column":9},"end":{"line":16,"column":20}},"loc":{"start":{"line":16,"column":45},"end":{"line":18,"column":null}},"line":16},"1":{"name":"OrderDetailModal","decl":{"start":{"line":20,"column":16},"end":{"line":20,"column":33}},"loc":{"start":{"line":20,"column":76},"end":{"line":132,"column":null}},"line":20},"2":{"name":"DetailField","decl":{"start":{"line":134,"column":9},"end":{"line":134,"column":21}},"loc":{"start":{"line":142,"column":3},"end":{"line":151,"column":null}},"line":142}},"branchMap":{"0":{"loc":{"start":{"line":65,"column":13},"end":{"line":65,"column":null}},"type":"binary-expr","locations":[{"start":{"line":65,"column":13},"end":{"line":65,"column":28}},{"start":{"line":65,"column":28},"end":{"line":65,"column":null}}],"line":65},"1":{"loc":{"start":{"line":66,"column":13},"end":{"line":67,"column":null}},"type":"binary-expr","locations":[{"start":{"line":66,"column":13},"end":{"line":66,"column":null}},{"start":{"line":67,"column":14},"end":{"line":67,"column":null}}],"line":66},"2":{"loc":{"start":{"line":77,"column":13},"end":{"line":81,"column":null}},"type":"binary-expr","locations":[{"start":{"line":77,"column":13},"end":{"line":77,"column":null}},{"start":{"line":78,"column":14},"end":{"line":81,"column":null}}],"line":77},"3":{"loc":{"start":{"line":84,"column":13},"end":{"line":88,"column":null}},"type":"binary-expr","locations":[{"start":{"line":84,"column":13},"end":{"line":84,"column":null}},{"start":{"line":85,"column":14},"end":{"line":88,"column":null}}],"line":84},"4":{"loc":{"start":{"line":90,"column":13},"end":{"line":91,"column":null}},"type":"binary-expr","locations":[{"start":{"line":90,"column":13},"end":{"line":90,"column":null}},{"start":{"line":91,"column":14},"end":{"line":91,"column":null}}],"line":90},"5":{"loc":{"start":{"line":95,"column":11},"end":{"line":101,"column":null}},"type":"binary-expr","locations":[{"start":{"line":95,"column":11},"end":{"line":95,"column":null}},{"start":{"line":96,"column":12},"end":{"line":101,"column":null}}],"line":95},"6":{"loc":{"start":{"line":104,"column":11},"end":{"line":109,"column":null}},"type":"binary-expr","locations":[{"start":{"line":104,"column":11},"end":{"line":104,"column":null}},{"start":{"line":105,"column":12},"end":{"line":109,"column":null}}],"line":104},"7":{"loc":{"start":{"line":111,"column":11},"end":{"line":116,"column":null}},"type":"binary-expr","locations":[{"start":{"line":111,"column":11},"end":{"line":111,"column":null}},{"start":{"line":112,"column":12},"end":{"line":116,"column":null}}],"line":111},"8":{"loc":{"start":{"line":137,"column":2},"end":{"line":137,"column":null}},"type":"default-arg","locations":[{"start":{"line":137,"column":9},"end":{"line":137,"column":null}}],"line":137},"9":{"loc":{"start":{"line":146,"column":47},"end":{"line":146,"column":70}},"type":"cond-expr","locations":[{"start":{"line":146,"column":54},"end":{"line":146,"column":68}},{"start":{"line":146,"column":68},"end":{"line":146,"column":70}}],"line":146}},"s":{"0":6,"1":2,"2":26},"f":{"0":6,"1":2,"2":26},"b":{"0":[2,0],"1":[2,0],"2":[2,2],"3":[2,2],"4":[2,2],"5":[2,0],"6":[2,2],"7":[2,2],"8":[26],"9":[8,18]},"meta":{"lastBranch":10,"lastFunction":3,"lastStatement":3,"seen":{"f:16:9:16:20":0,"s:17:2:17:Infinity":0,"f:20:16:20:33":1,"s:21:2:130:Infinity":1,"b:65:13:65:28:65:28:65:Infinity":0,"b:66:13:66:Infinity:67:14:67:Infinity":1,"b:77:13:77:Infinity:78:14:81:Infinity":2,"b:84:13:84:Infinity:85:14:88:Infinity":3,"b:90:13:90:Infinity:91:14:91:Infinity":4,"b:95:11:95:Infinity:96:12:101:Infinity":5,"b:104:11:104:Infinity:105:12:109:Infinity":6,"b:111:11:111:Infinity:112:12:116:Infinity":7,"f:134:9:134:21":2,"b:137:9:137:Infinity":8,"s:143:2:149:Infinity":2,"b:146:54:146:68:146:68:146:70":9}}}
,"/weaver/haro/src/components/orders/OrderStatusBadge.tsx": {"path":"/weaver/haro/src/components/orders/OrderStatusBadge.tsx","statementMap":{"0":{"start":{"line":10,"column":50},"end":{"line":19,"column":null}},"1":{"start":{"line":21,"column":46},"end":{"line":24,"column":null}},"2":{"start":{"line":32,"column":2},"end":{"line":41,"column":null}},"3":{"start":{"line":33,"column":18},"end":{"line":33,"column":null}},"4":{"start":{"line":34,"column":4},"end":{"line":39,"column":null}},"5":{"start":{"line":43,"column":2},"end":{"line":52,"column":null}},"6":{"start":{"line":44,"column":18},"end":{"line":44,"column":null}},"7":{"start":{"line":45,"column":4},"end":{"line":50,"column":null}},"8":{"start":{"line":54,"column":2},"end":{"line":54,"column":null}}},"fnMap":{"0":{"name":"OrderStatusBadge","decl":{"start":{"line":31,"column":16},"end":{"line":31,"column":33}},"loc":{"start":{"line":31,"column":74},"end":{"line":55,"column":null}},"line":31}},"branchMap":{"0":{"loc":{"start":{"line":32,"column":2},"end":{"line":41,"column":null}},"type":"if","locations":[{"start":{"line":32,"column":2},"end":{"line":41,"column":null}},{"start":{},"end":{}}],"line":32},"1":{"loc":{"start":{"line":43,"column":2},"end":{"line":52,"column":null}},"type":"if","locations":[{"start":{"line":43,"column":2},"end":{"line":52,"column":null}},{"start":{},"end":{}}],"line":43},"2":{"loc":{"start":{"line":44,"column":18},"end":{"line":44,"column":null}},"type":"binary-expr","locations":[{"start":{"line":44,"column":18},"end":{"line":44,"column":42}},{"start":{"line":44,"column":42},"end":{"line":44,"column":null}}],"line":44}},"s":{"0":4,"1":4,"2":65,"3":29,"4":29,"5":36,"6":36,"7":36,"8":0},"f":{"0":65},"b":{"0":[29,36],"1":[36,0],"2":[36,0]},"meta":{"lastBranch":3,"lastFunction":1,"lastStatement":9,"seen":{"s:10:50:19:Infinity":0,"s:21:46:24:Infinity":1,"f:31:16:31:33":0,"b:32:2:41:Infinity:undefined:undefined:undefined:undefined":0,"s:32:2:41:Infinity":2,"s:33:18:33:Infinity":3,"s:34:4:39:Infinity":4,"b:43:2:52:Infinity:undefined:undefined:undefined:undefined":1,"s:43:2:52:Infinity":5,"s:44:18:44:Infinity":6,"b:44:18:44:42:44:42:44:Infinity":2,"s:45:4:50:Infinity":7,"s:54:2:54:Infinity":8}}}
,"/weaver/haro/src/components/orders/OrderTable.tsx": {"path":"/weaver/haro/src/components/orders/OrderTable.tsx","statementMap":{"0":{"start":{"line":17,"column":2},"end":{"line":17,"column":null}},"1":{"start":{"line":21,"column":2},"end":{"line":48,"column":null}},"2":{"start":{"line":22,"column":4},"end":{"line":46,"column":null}},"3":{"start":{"line":50,"column":2},"end":{"line":117,"column":null}},"4":{"start":{"line":83,"column":12},"end":{"line":113,"column":null}},"5":{"start":{"line":86,"column":29},"end":{"line":86,"column":null}}},"fnMap":{"0":{"name":"formatDate","decl":{"start":{"line":16,"column":9},"end":{"line":16,"column":20}},"loc":{"start":{"line":16,"column":45},"end":{"line":18,"column":null}},"line":16},"1":{"name":"OrderTable","decl":{"start":{"line":20,"column":16},"end":{"line":20,"column":27}},"loc":{"start":{"line":20,"column":70},"end":{"line":119,"column":null}},"line":20},"2":{"name":"(anonymous_2)","decl":{"start":{"line":82,"column":22},"end":{"line":82,"column":23}},"loc":{"start":{"line":83,"column":12},"end":{"line":113,"column":null}},"line":83},"3":{"name":"(anonymous_3)","decl":{"start":{"line":86,"column":23},"end":{"line":86,"column":29}},"loc":{"start":{"line":86,"column":29},"end":{"line":86,"column":null}},"line":86}},"branchMap":{"0":{"loc":{"start":{"line":21,"column":2},"end":{"line":48,"column":null}},"type":"if","locations":[{"start":{"line":21,"column":2},"end":{"line":48,"column":null}},{"start":{},"end":{}}],"line":21},"1":{"loc":{"start":{"line":105,"column":17},"end":{"line":105,"column":null}},"type":"binary-expr","locations":[{"start":{"line":105,"column":17},"end":{"line":105,"column":32}},{"start":{"line":105,"column":32},"end":{"line":105,"column":null}}],"line":105}},"s":{"0":25,"1":15,"2":2,"3":13,"4":25,"5":3},"f":{"0":25,"1":15,"2":25,"3":3},"b":{"0":[2,13],"1":[25,13]},"meta":{"lastBranch":2,"lastFunction":4,"lastStatement":6,"seen":{"f:16:9:16:20":0,"s:17:2:17:Infinity":0,"f:20:16:20:27":1,"b:21:2:48:Infinity:undefined:undefined:undefined:undefined":0,"s:21:2:48:Infinity":1,"s:22:4:46:Infinity":2,"s:50:2:117:Infinity":3,"f:82:22:82:23":2,"s:83:12:113:Infinity":4,"f:86:23:86:29":3,"s:86:29:86:Infinity":5,"b:105:17:105:32:105:32:105:Infinity":1}}}
,"/weaver/haro/src/components/orders/index.ts": {"path":"/weaver/haro/src/components/orders/index.ts","statementMap":{},"fnMap":{},"branchMap":{},"s":{},"f":{},"b":{},"meta":{"lastBranch":0,"lastFunction":0,"lastStatement":0,"seen":{}}}
,"/weaver/haro/src/components/runs/CreateRunForm.tsx": {"path":"/weaver/haro/src/components/runs/CreateRunForm.tsx","statementMap":{"0":{"start":{"line":22,"column":34},"end":{"line":22,"column":null}},"1":{"start":{"line":23,"column":22},"end":{"line":23,"column":null}},"2":{"start":{"line":24,"column":28},"end":{"line":24,"column":null}},"3":{"start":{"line":25,"column":32},"end":{"line":25,"column":null}},"4":{"start":{"line":28,"column":4},"end":{"line":28,"column":null}},"5":{"start":{"line":30,"column":23},"end":{"line":33,"column":null}},"6":{"start":{"line":32,"column":18},"end":{"line":32,"column":26}},"7":{"start":{"line":35,"column":4},"end":{"line":40,"column":null}},"8":{"start":{"line":43,"column":2},"end":{"line":144,"column":null}},"9":{"start":{"line":61,"column":29},"end":{"line":61,"column":null}},"10":{"start":{"line":78,"column":29},"end":{"line":78,"column":null}},"11":{"start":{"line":98,"column":29},"end":{"line":98,"column":null}},"12":{"start":{"line":115,"column":29},"end":{"line":115,"column":null}}},"fnMap":{"0":{"name":"CreateRunForm","decl":{"start":{"line":17,"column":16},"end":{"line":17,"column":30}},"loc":{"start":{"line":21,"column":23},"end":{"line":146,"column":null}},"line":21},"1":{"name":"handleSubmit","decl":{"start":{"line":27,"column":11},"end":{"line":27,"column":24}},"loc":{"start":{"line":27,"column":44},"end":{"line":41,"column":null}},"line":27},"2":{"name":"(anonymous_2)","decl":{"start":{"line":32,"column":11},"end":{"line":32,"column":12}},"loc":{"start":{"line":32,"column":18},"end":{"line":32,"column":26}},"line":32},"3":{"name":"(anonymous_3)","decl":{"start":{"line":61,"column":22},"end":{"line":61,"column":23}},"loc":{"start":{"line":61,"column":29},"end":{"line":61,"column":null}},"line":61},"4":{"name":"(anonymous_4)","decl":{"start":{"line":78,"column":22},"end":{"line":78,"column":23}},"loc":{"start":{"line":78,"column":29},"end":{"line":78,"column":null}},"line":78},"5":{"name":"(anonymous_5)","decl":{"start":{"line":98,"column":22},"end":{"line":98,"column":23}},"loc":{"start":{"line":98,"column":29},"end":{"line":98,"column":null}},"line":98},"6":{"name":"(anonymous_6)","decl":{"start":{"line":115,"column":22},"end":{"line":115,"column":23}},"loc":{"start":{"line":115,"column":29},"end":{"line":115,"column":null}},"line":115}},"branchMap":{"0":{"loc":{"start":{"line":20,"column":2},"end":{"line":20,"column":null}},"type":"default-arg","locations":[{"start":{"line":20,"column":17},"end":{"line":20,"column":null}}],"line":20},"1":{"loc":{"start":{"line":140,"column":13},"end":{"line":140,"column":null}},"type":"cond-expr","locations":[{"start":{"line":140,"column":28},"end":{"line":140,"column":44}},{"start":{"line":140,"column":44},"end":{"line":140,"column":null}}],"line":140}},"s":{"0":22,"1":22,"2":22,"3":22,"4":1,"5":1,"6":1,"7":1,"8":22,"9":13,"10":0,"11":7,"12":0},"f":{"0":22,"1":1,"2":1,"3":13,"4":0,"5":7,"6":0},"b":{"0":[22],"1":[0,22]},"meta":{"lastBranch":2,"lastFunction":7,"lastStatement":13,"seen":{"f:17:16:17:30":0,"b:20:17:20:Infinity":0,"s:22:34:22:Infinity":0,"s:23:22:23:Infinity":1,"s:24:28:24:Infinity":2,"s:25:32:25:Infinity":3,"f:27:11:27:24":1,"s:28:4:28:Infinity":4,"s:30:23:33:Infinity":5,"f:32:11:32:12":2,"s:32:18:32:26":6,"s:35:4:40:Infinity":7,"s:43:2:144:Infinity":8,"f:61:22:61:23":3,"s:61:29:61:Infinity":9,"f:78:22:78:23":4,"s:78:29:78:Infinity":10,"f:98:22:98:23":5,"s:98:29:98:Infinity":11,"f:115:22:115:23":6,"s:115:29:115:Infinity":12,"b:140:28:140:44:140:44:140:Infinity":1}}}
,"/weaver/haro/src/components/runs/index.ts": {"path":"/weaver/haro/src/components/runs/index.ts","statementMap":{},"fnMap":{},"branchMap":{},"s":{},"f":{},"b":{},"meta":{"lastBranch":0,"lastFunction":0,"lastStatement":0,"seen":{}}}
,"/weaver/haro/src/hooks/index.ts": {"path":"/weaver/haro/src/hooks/index.ts","statementMap":{},"fnMap":{},"branchMap":{},"s":{},"f":{},"b":{},"meta":{"lastBranch":0,"lastFunction":0,"lastStatement":0,"seen":{}}}
,"/weaver/haro/src/hooks/useHealth.ts": {"path":"/weaver/haro/src/hooks/useHealth.ts","statementMap":{"0":{"start":{"line":11,"column":26},"end":{"line":13,"column":null}},"1":{"start":{"line":19,"column":2},"end":{"line":24,"column":null}}},"fnMap":{"0":{"name":"useHealth","decl":{"start":{"line":18,"column":16},"end":{"line":18,"column":28}},"loc":{"start":{"line":18,"column":28},"end":{"line":25,"column":null}},"line":18}},"branchMap":{},"s":{"0":3,"1":18},"f":{"0":18},"b":{},"meta":{"lastBranch":0,"lastFunction":1,"lastStatement":2,"seen":{"s:11:26:13:Infinity":0,"f:18:16:18:28":0,"s:19:2:24:Infinity":1}}}
,"/weaver/haro/src/hooks/useOrders.ts": {"path":"/weaver/haro/src/hooks/useOrders.ts","statementMap":{"0":{"start":{"line":12,"column":25},"end":{"line":19,"column":null}},"1":{"start":{"line":14,"column":15},"end":{"line":14,"column":null}},"2":{"start":{"line":16,"column":4},"end":{"line":16,"column":null}},"3":{"start":{"line":17,"column":17},"end":{"line":17,"column":null}},"4":{"start":{"line":18,"column":26},"end":{"line":18,"column":null}},"5":{"start":{"line":30,"column":2},"end":{"line":33,"column":null}},"6":{"start":{"line":32,"column":13},"end":{"line":32,"column":null}},"7":{"start":{"line":40,"column":2},"end":{"line":44,"column":null}},"8":{"start":{"line":42,"column":13},"end":{"line":42,"column":null}},"9":{"start":{"line":51,"column":8},"end":{"line":51,"column":null}},"10":{"start":{"line":53,"column":2},"end":{"line":60,"column":null}},"11":{"start":{"line":54,"column":17},"end":{"line":54,"column":null}},"12":{"start":{"line":57,"column":6},"end":{"line":57,"column":null}},"13":{"start":{"line":58,"column":6},"end":{"line":58,"column":null}}},"fnMap":{"0":{"name":"(anonymous_0)","decl":{"start":{"line":14,"column":9},"end":{"line":14,"column":15}},"loc":{"start":{"line":14,"column":15},"end":{"line":14,"column":null}},"line":14},"1":{"name":"(anonymous_1)","decl":{"start":{"line":15,"column":8},"end":{"line":15,"column":9}},"loc":{"start":{"line":16,"column":4},"end":{"line":16,"column":null}},"line":16},"2":{"name":"(anonymous_2)","decl":{"start":{"line":17,"column":11},"end":{"line":17,"column":17}},"loc":{"start":{"line":17,"column":17},"end":{"line":17,"column":null}},"line":17},"3":{"name":"(anonymous_3)","decl":{"start":{"line":18,"column":10},"end":{"line":18,"column":11}},"loc":{"start":{"line":18,"column":26},"end":{"line":18,"column":null}},"line":18},"4":{"name":"useOrders","decl":{"start":{"line":24,"column":16},"end":{"line":24,"column":26}},"loc":{"start":{"line":29,"column":3},"end":{"line":34,"column":null}},"line":29},"5":{"name":"(anonymous_5)","decl":{"start":{"line":32,"column":13},"end":{"line":32,"column":19}},"loc":{"start":{"line":32,"column":13},"end":{"line":32,"column":null}},"line":32},"6":{"name":"useOrder","decl":{"start":{"line":39,"column":16},"end":{"line":39,"column":25}},"loc":{"start":{"line":39,"column":42},"end":{"line":45,"column":null}},"line":39},"7":{"name":"(anonymous_7)","decl":{"start":{"line":42,"column":13},"end":{"line":42,"column":19}},"loc":{"start":{"line":42,"column":13},"end":{"line":42,"column":null}},"line":42},"8":{"name":"useCancelOrder","decl":{"start":{"line":50,"column":16},"end":{"line":50,"column":33}},"loc":{"start":{"line":50,"column":33},"end":{"line":61,"column":null}},"line":50},"9":{"name":"(anonymous_9)","decl":{"start":{"line":54,"column":16},"end":{"line":54,"column":17}},"loc":{"start":{"line":54,"column":17},"end":{"line":54,"column":null}},"line":54},"10":{"name":"(anonymous_10)","decl":{"start":{"line":55,"column":15},"end":{"line":55,"column":16}},"loc":{"start":{"line":55,"column":35},"end":{"line":59,"column":null}},"line":55}},"branchMap":{},"s":{"0":4,"1":40,"2":39,"3":4,"4":4,"5":39,"6":21,"7":3,"8":1,"9":2,"10":2,"11":1,"12":1,"13":1},"f":{"0":40,"1":39,"2":4,"3":4,"4":39,"5":21,"6":3,"7":1,"8":2,"9":1,"10":1},"b":{},"meta":{"lastBranch":0,"lastFunction":11,"lastStatement":14,"seen":{"s:12:25:19:Infinity":0,"f:14:9:14:15":0,"s:14:15:14:Infinity":1,"f:15:8:15:9":1,"s:16:4:16:Infinity":2,"f:17:11:17:17":2,"s:17:17:17:Infinity":3,"f:18:10:18:11":3,"s:18:26:18:Infinity":4,"f:24:16:24:26":4,"s:30:2:33:Infinity":5,"f:32:13:32:19":5,"s:32:13:32:Infinity":6,"f:39:16:39:25":6,"s:40:2:44:Infinity":7,"f:42:13:42:19":7,"s:42:13:42:Infinity":8,"f:50:16:50:33":8,"s:51:8:51:Infinity":9,"s:53:2:60:Infinity":10,"f:54:16:54:17":9,"s:54:17:54:Infinity":11,"f:55:15:55:16":10,"s:57:6:57:Infinity":12,"s:58:6:58:Infinity":13}}}
,"/weaver/haro/src/hooks/useRuns.ts": {"path":"/weaver/haro/src/hooks/useRuns.ts","statementMap":{"0":{"start":{"line":12,"column":23},"end":{"line":19,"column":null}},"1":{"start":{"line":14,"column":15},"end":{"line":14,"column":null}},"2":{"start":{"line":16,"column":4},"end":{"line":16,"column":null}},"3":{"start":{"line":17,"column":17},"end":{"line":17,"column":null}},"4":{"start":{"line":18,"column":26},"end":{"line":18,"column":null}},"5":{"start":{"line":32,"column":2},"end":{"line":36,"column":null}},"6":{"start":{"line":34,"column":13},"end":{"line":34,"column":null}},"7":{"start":{"line":43,"column":2},"end":{"line":47,"column":null}},"8":{"start":{"line":45,"column":13},"end":{"line":45,"column":null}},"9":{"start":{"line":54,"column":8},"end":{"line":54,"column":null}},"10":{"start":{"line":56,"column":2},"end":{"line":62,"column":null}},"11":{"start":{"line":57,"column":17},"end":{"line":57,"column":null}},"12":{"start":{"line":60,"column":6},"end":{"line":60,"column":null}},"13":{"start":{"line":69,"column":8},"end":{"line":69,"column":null}},"14":{"start":{"line":71,"column":2},"end":{"line":78,"column":null}},"15":{"start":{"line":72,"column":17},"end":{"line":72,"column":null}},"16":{"start":{"line":75,"column":6},"end":{"line":75,"column":null}},"17":{"start":{"line":76,"column":6},"end":{"line":76,"column":null}},"18":{"start":{"line":85,"column":8},"end":{"line":85,"column":null}},"19":{"start":{"line":87,"column":2},"end":{"line":94,"column":null}},"20":{"start":{"line":88,"column":17},"end":{"line":88,"column":null}},"21":{"start":{"line":91,"column":6},"end":{"line":91,"column":null}},"22":{"start":{"line":92,"column":6},"end":{"line":92,"column":null}}},"fnMap":{"0":{"name":"(anonymous_0)","decl":{"start":{"line":14,"column":9},"end":{"line":14,"column":15}},"loc":{"start":{"line":14,"column":15},"end":{"line":14,"column":null}},"line":14},"1":{"name":"(anonymous_1)","decl":{"start":{"line":15,"column":8},"end":{"line":15,"column":9}},"loc":{"start":{"line":16,"column":4},"end":{"line":16,"column":null}},"line":16},"2":{"name":"(anonymous_2)","decl":{"start":{"line":17,"column":11},"end":{"line":17,"column":17}},"loc":{"start":{"line":17,"column":17},"end":{"line":17,"column":null}},"line":17},"3":{"name":"(anonymous_3)","decl":{"start":{"line":18,"column":10},"end":{"line":18,"column":11}},"loc":{"start":{"line":18,"column":26},"end":{"line":18,"column":null}},"line":18},"4":{"name":"useRuns","decl":{"start":{"line":24,"column":16},"end":{"line":24,"column":null}},"loc":{"start":{"line":31,"column":2},"end":{"line":37,"column":null}},"line":31},"5":{"name":"(anonymous_5)","decl":{"start":{"line":34,"column":13},"end":{"line":34,"column":19}},"loc":{"start":{"line":34,"column":13},"end":{"line":34,"column":null}},"line":34},"6":{"name":"useRun","decl":{"start":{"line":42,"column":16},"end":{"line":42,"column":23}},"loc":{"start":{"line":42,"column":38},"end":{"line":48,"column":null}},"line":42},"7":{"name":"(anonymous_7)","decl":{"start":{"line":45,"column":13},"end":{"line":45,"column":19}},"loc":{"start":{"line":45,"column":13},"end":{"line":45,"column":null}},"line":45},"8":{"name":"useCreateRun","decl":{"start":{"line":53,"column":16},"end":{"line":53,"column":31}},"loc":{"start":{"line":53,"column":31},"end":{"line":63,"column":null}},"line":53},"9":{"name":"(anonymous_9)","decl":{"start":{"line":57,"column":16},"end":{"line":57,"column":17}},"loc":{"start":{"line":57,"column":17},"end":{"line":57,"column":null}},"line":57},"10":{"name":"(anonymous_10)","decl":{"start":{"line":58,"column":15},"end":{"line":58,"column":21}},"loc":{"start":{"line":58,"column":21},"end":{"line":61,"column":null}},"line":58},"11":{"name":"useStartRun","decl":{"start":{"line":68,"column":16},"end":{"line":68,"column":30}},"loc":{"start":{"line":68,"column":30},"end":{"line":79,"column":null}},"line":68},"12":{"name":"(anonymous_12)","decl":{"start":{"line":72,"column":16},"end":{"line":72,"column":17}},"loc":{"start":{"line":72,"column":17},"end":{"line":72,"column":null}},"line":72},"13":{"name":"(anonymous_13)","decl":{"start":{"line":73,"column":15},"end":{"line":73,"column":16}},"loc":{"start":{"line":73,"column":25},"end":{"line":77,"column":null}},"line":73},"14":{"name":"useStopRun","decl":{"start":{"line":84,"column":16},"end":{"line":84,"column":29}},"loc":{"start":{"line":84,"column":29},"end":{"line":95,"column":null}},"line":84},"15":{"name":"(anonymous_15)","decl":{"start":{"line":88,"column":16},"end":{"line":88,"column":17}},"loc":{"start":{"line":88,"column":17},"end":{"line":88,"column":null}},"line":88},"16":{"name":"(anonymous_16)","decl":{"start":{"line":89,"column":15},"end":{"line":89,"column":16}},"loc":{"start":{"line":89,"column":25},"end":{"line":93,"column":null}},"line":89}},"branchMap":{"0":{"loc":{"start":{"line":35,"column":13},"end":{"line":35,"column":null}},"type":"binary-expr","locations":[{"start":{"line":35,"column":13},"end":{"line":35,"column":33}},{"start":{"line":35,"column":33},"end":{"line":35,"column":null}}],"line":35}},"s":{"0":4,"1":58,"2":53,"3":41,"4":41,"5":53,"6":28,"7":38,"8":3,"9":37,"10":37,"11":2,"12":2,"13":2,"14":2,"15":1,"16":1,"17":1,"18":37,"19":37,"20":2,"21":2,"22":2},"f":{"0":58,"1":53,"2":41,"3":41,"4":53,"5":28,"6":38,"7":3,"8":37,"9":2,"10":2,"11":2,"12":1,"13":1,"14":37,"15":2,"16":2},"b":{"0":[53,18]},"meta":{"lastBranch":1,"lastFunction":17,"lastStatement":23,"seen":{"s:12:23:19:Infinity":0,"f:14:9:14:15":0,"s:14:15:14:Infinity":1,"f:15:8:15:9":1,"s:16:4:16:Infinity":2,"f:17:11:17:17":2,"s:17:17:17:Infinity":3,"f:18:10:18:11":3,"s:18:26:18:Infinity":4,"f:24:16:24:Infinity":4,"s:32:2:36:Infinity":5,"f:34:13:34:19":5,"s:34:13:34:Infinity":6,"b:35:13:35:33:35:33:35:Infinity":0,"f:42:16:42:23":6,"s:43:2:47:Infinity":7,"f:45:13:45:19":7,"s:45:13:45:Infinity":8,"f:53:16:53:31":8,"s:54:8:54:Infinity":9,"s:56:2:62:Infinity":10,"f:57:16:57:17":9,"s:57:17:57:Infinity":11,"f:58:15:58:21":10,"s:60:6:60:Infinity":12,"f:68:16:68:30":11,"s:69:8:69:Infinity":13,"s:71:2:78:Infinity":14,"f:72:16:72:17":12,"s:72:17:72:Infinity":15,"f:73:15:73:16":13,"s:75:6:75:Infinity":16,"s:76:6:76:Infinity":17,"f:84:16:84:29":14,"s:85:8:85:Infinity":18,"s:87:2:94:Infinity":19,"f:88:16:88:17":15,"s:88:17:88:Infinity":20,"f:89:15:89:16":16,"s:91:6:91:Infinity":21,"s:92:6:92:Infinity":22}}}
,"/weaver/haro/src/hooks/useSSE.ts": {"path":"/weaver/haro/src/hooks/useSSE.ts","statementMap":{"0":{"start":{"line":21,"column":28},"end":{"line":21,"column":null}},"1":{"start":{"line":22,"column":31},"end":{"line":22,"column":null}},"2":{"start":{"line":29,"column":8},"end":{"line":29,"column":null}},"3":{"start":{"line":30,"column":8},"end":{"line":30,"column":null}},"4":{"start":{"line":30,"column":54},"end":{"line":30,"column":71}},"5":{"start":{"line":31,"column":8},"end":{"line":31,"column":null}},"6":{"start":{"line":32,"column":8},"end":{"line":34,"column":null}},"7":{"start":{"line":35,"column":36},"end":{"line":35,"column":null}},"8":{"start":{"line":37,"column":2},"end":{"line":152,"column":null}},"9":{"start":{"line":38,"column":20},"end":{"line":142,"column":null}},"10":{"start":{"line":40,"column":6},"end":{"line":42,"column":null}},"11":{"start":{"line":41,"column":8},"end":{"line":41,"column":null}},"12":{"start":{"line":44,"column":26},"end":{"line":44,"column":null}},"13":{"start":{"line":45,"column":6},"end":{"line":45,"column":null}},"14":{"start":{"line":47,"column":6},"end":{"line":49,"column":null}},"15":{"start":{"line":48,"column":8},"end":{"line":48,"column":null}},"16":{"start":{"line":51,"column":6},"end":{"line":57,"column":null}},"17":{"start":{"line":52,"column":8},"end":{"line":52,"column":null}},"18":{"start":{"line":53,"column":8},"end":{"line":53,"column":null}},"19":{"start":{"line":56,"column":8},"end":{"line":56,"column":null}},"20":{"start":{"line":63,"column":6},"end":{"line":70,"column":null}},"21":{"start":{"line":64,"column":21},"end":{"line":64,"column":null}},"22":{"start":{"line":65,"column":8},"end":{"line":65,"column":null}},"23":{"start":{"line":66,"column":8},"end":{"line":69,"column":null}},"24":{"start":{"line":72,"column":6},"end":{"line":79,"column":null}},"25":{"start":{"line":73,"column":21},"end":{"line":73,"column":null}},"26":{"start":{"line":74,"column":8},"end":{"line":74,"column":null}},"27":{"start":{"line":75,"column":8},"end":{"line":78,"column":null}},"28":{"start":{"line":81,"column":6},"end":{"line":88,"column":null}},"29":{"start":{"line":82,"column":21},"end":{"line":82,"column":null}},"30":{"start":{"line":83,"column":8},"end":{"line":83,"column":null}},"31":{"start":{"line":84,"column":8},"end":{"line":87,"column":null}},"32":{"start":{"line":90,"column":6},"end":{"line":97,"column":null}},"33":{"start":{"line":91,"column":21},"end":{"line":91,"column":null}},"34":{"start":{"line":92,"column":8},"end":{"line":92,"column":null}},"35":{"start":{"line":93,"column":8},"end":{"line":96,"column":null}},"36":{"start":{"line":103,"column":6},"end":{"line":110,"column":null}},"37":{"start":{"line":104,"column":21},"end":{"line":104,"column":null}},"38":{"start":{"line":105,"column":8},"end":{"line":105,"column":null}},"39":{"start":{"line":106,"column":8},"end":{"line":109,"column":null}},"40":{"start":{"line":112,"column":6},"end":{"line":118,"column":null}},"41":{"start":{"line":113,"column":8},"end":{"line":113,"column":null}},"42":{"start":{"line":114,"column":8},"end":{"line":117,"column":null}},"43":{"start":{"line":120,"column":6},"end":{"line":132,"column":null}},"44":{"start":{"line":121,"column":21},"end":{"line":121,"column":null}},"45":{"start":{"line":123,"column":10},"end":{"line":126,"column":null}},"46":{"start":{"line":127,"column":8},"end":{"line":127,"column":null}},"47":{"start":{"line":128,"column":8},"end":{"line":131,"column":null}},"48":{"start":{"line":134,"column":6},"end":{"line":141,"column":null}},"49":{"start":{"line":135,"column":21},"end":{"line":135,"column":null}},"50":{"start":{"line":136,"column":8},"end":{"line":136,"column":null}},"51":{"start":{"line":137,"column":8},"end":{"line":140,"column":null}},"52":{"start":{"line":144,"column":4},"end":{"line":144,"column":null}},"53":{"start":{"line":146,"column":4},"end":{"line":151,"column":null}},"54":{"start":{"line":147,"column":6},"end":{"line":147,"column":null}},"55":{"start":{"line":148,"column":6},"end":{"line":150,"column":null}},"56":{"start":{"line":149,"column":8},"end":{"line":149,"column":null}},"57":{"start":{"line":154,"column":2},"end":{"line":154,"column":null}}},"fnMap":{"0":{"name":"useSSE","decl":{"start":{"line":28,"column":16},"end":{"line":28,"column":25}},"loc":{"start":{"line":28,"column":25},"end":{"line":155,"column":null}},"line":28},"1":{"name":"(anonymous_1)","decl":{"start":{"line":30,"column":47},"end":{"line":30,"column":48}},"loc":{"start":{"line":30,"column":54},"end":{"line":30,"column":71}},"line":30},"2":{"name":"(anonymous_2)","decl":{"start":{"line":37,"column":12},"end":{"line":37,"column":18}},"loc":{"start":{"line":37,"column":18},"end":{"line":152,"column":5}},"line":37},"3":{"name":"(anonymous_3)","decl":{"start":{"line":38,"column":20},"end":{"line":38,"column":26}},"loc":{"start":{"line":38,"column":26},"end":{"line":142,"column":null}},"line":38},"4":{"name":"(anonymous_4)","decl":{"start":{"line":47,"column":27},"end":{"line":47,"column":33}},"loc":{"start":{"line":47,"column":33},"end":{"line":49,"column":null}},"line":47},"5":{"name":"(anonymous_5)","decl":{"start":{"line":51,"column":28},"end":{"line":51,"column":34}},"loc":{"start":{"line":51,"column":34},"end":{"line":57,"column":null}},"line":51},"6":{"name":"(anonymous_6)","decl":{"start":{"line":63,"column":50},"end":{"line":63,"column":51}},"loc":{"start":{"line":63,"column":71},"end":{"line":70,"column":7}},"line":63},"7":{"name":"(anonymous_7)","decl":{"start":{"line":72,"column":50},"end":{"line":72,"column":51}},"loc":{"start":{"line":72,"column":71},"end":{"line":79,"column":7}},"line":72},"8":{"name":"(anonymous_8)","decl":{"start":{"line":81,"column":52},"end":{"line":81,"column":53}},"loc":{"start":{"line":81,"column":73},"end":{"line":88,"column":7}},"line":81},"9":{"name":"(anonymous_9)","decl":{"start":{"line":90,"column":48},"end":{"line":90,"column":49}},"loc":{"start":{"line":90,"column":69},"end":{"line":97,"column":7}},"line":90},"10":{"name":"(anonymous_10)","decl":{"start":{"line":103,"column":53},"end":{"line":103,"column":54}},"loc":{"start":{"line":103,"column":74},"end":{"line":110,"column":7}},"line":103},"11":{"name":"(anonymous_11)","decl":{"start":{"line":112,"column":52},"end":{"line":112,"column":58}},"loc":{"start":{"line":112,"column":58},"end":{"line":118,"column":7}},"line":112},"12":{"name":"(anonymous_12)","decl":{"start":{"line":120,"column":54},"end":{"line":120,"column":55}},"loc":{"start":{"line":120,"column":75},"end":{"line":132,"column":7}},"line":120},"13":{"name":"(anonymous_13)","decl":{"start":{"line":134,"column":55},"end":{"line":134,"column":56}},"loc":{"start":{"line":134,"column":76},"end":{"line":141,"column":7}},"line":134},"14":{"name":"(anonymous_14)","decl":{"start":{"line":146,"column":11},"end":{"line":146,"column":17}},"loc":{"start":{"line":146,"column":17},"end":{"line":151,"column":null}},"line":146}},"branchMap":{"0":{"loc":{"start":{"line":40,"column":6},"end":{"line":42,"column":null}},"type":"if","locations":[{"start":{"line":40,"column":6},"end":{"line":42,"column":null}},{"start":{},"end":{}}],"line":40},"1":{"loc":{"start":{"line":123,"column":10},"end":{"line":126,"column":null}},"type":"binary-expr","locations":[{"start":{"line":123,"column":10},"end":{"line":123,"column":null}},{"start":{"line":124,"column":10},"end":{"line":124,"column":null}},{"start":{"line":125,"column":10},"end":{"line":125,"column":null}},{"start":{"line":126,"column":10},"end":{"line":126,"column":null}}],"line":123},"2":{"loc":{"start":{"line":148,"column":6},"end":{"line":150,"column":null}},"type":"if","locations":[{"start":{"line":148,"column":6},"end":{"line":150,"column":null}},{"start":{},"end":{}}],"line":148}},"s":{"0":2,"1":2,"2":21,"3":21,"4":70,"5":21,"6":21,"7":21,"8":21,"9":13,"10":14,"11":1,"12":14,"13":14,"14":14,"15":8,"16":14,"17":1,"18":1,"19":1,"20":14,"21":2,"22":2,"23":2,"24":14,"25":1,"26":1,"27":1,"28":14,"29":0,"30":0,"31":0,"32":14,"33":0,"34":0,"35":0,"36":14,"37":0,"38":0,"39":0,"40":14,"41":1,"42":1,"43":14,"44":2,"45":2,"46":2,"47":2,"48":14,"49":1,"50":1,"51":1,"52":13,"53":13,"54":13,"55":13,"56":1,"57":21},"f":{"0":21,"1":70,"2":13,"3":14,"4":8,"5":1,"6":2,"7":1,"8":0,"9":0,"10":0,"11":1,"12":2,"13":1,"14":13},"b":{"0":[1,13],"1":[2,1,0,0],"2":[1,12]},"meta":{"lastBranch":3,"lastFunction":15,"lastStatement":58,"seen":{"s:21:28:21:Infinity":0,"s:22:31:22:Infinity":1,"f:28:16:28:25":0,"s:29:8:29:Infinity":2,"s:30:8:30:Infinity":3,"f:30:47:30:48":1,"s:30:54:30:71":4,"s:31:8:31:Infinity":5,"s:32:8:34:Infinity":6,"s:35:36:35:Infinity":7,"s:37:2:152:Infinity":8,"f:37:12:37:18":2,"s:38:20:142:Infinity":9,"f:38:20:38:26":3,"b:40:6:42:Infinity:undefined:undefined:undefined:undefined":0,"s:40:6:42:Infinity":10,"s:41:8:41:Infinity":11,"s:44:26:44:Infinity":12,"s:45:6:45:Infinity":13,"s:47:6:49:Infinity":14,"f:47:27:47:33":4,"s:48:8:48:Infinity":15,"s:51:6:57:Infinity":16,"f:51:28:51:34":5,"s:52:8:52:Infinity":17,"s:53:8:53:Infinity":18,"s:56:8:56:Infinity":19,"s:63:6:70:Infinity":20,"f:63:50:63:51":6,"s:64:21:64:Infinity":21,"s:65:8:65:Infinity":22,"s:66:8:69:Infinity":23,"s:72:6:79:Infinity":24,"f:72:50:72:51":7,"s:73:21:73:Infinity":25,"s:74:8:74:Infinity":26,"s:75:8:78:Infinity":27,"s:81:6:88:Infinity":28,"f:81:52:81:53":8,"s:82:21:82:Infinity":29,"s:83:8:83:Infinity":30,"s:84:8:87:Infinity":31,"s:90:6:97:Infinity":32,"f:90:48:90:49":9,"s:91:21:91:Infinity":33,"s:92:8:92:Infinity":34,"s:93:8:96:Infinity":35,"s:103:6:110:Infinity":36,"f:103:53:103:54":10,"s:104:21:104:Infinity":37,"s:105:8:105:Infinity":38,"s:106:8:109:Infinity":39,"s:112:6:118:Infinity":40,"f:112:52:112:58":11,"s:113:8:113:Infinity":41,"s:114:8:117:Infinity":42,"s:120:6:132:Infinity":43,"f:120:54:120:55":12,"s:121:21:121:Infinity":44,"s:123:10:126:Infinity":45,"b:123:10:123:Infinity:124:10:124:Infinity:125:10:125:Infinity:126:10:126:Infinity":1,"s:127:8:127:Infinity":46,"s:128:8:131:Infinity":47,"s:134:6:141:Infinity":48,"f:134:55:134:56":13,"s:135:21:135:Infinity":49,"s:136:8:136:Infinity":50,"s:137:8:140:Infinity":51,"s:144:4:144:Infinity":52,"s:146:4:151:Infinity":53,"f:146:11:146:17":14,"s:147:6:147:Infinity":54,"b:148:6:150:Infinity:undefined:undefined:undefined:undefined":2,"s:148:6:150:Infinity":55,"s:149:8:149:Infinity":56,"s:154:2:154:Infinity":57}}}
,"/weaver/haro/src/pages/Dashboard.tsx": {"path":"/weaver/haro/src/pages/Dashboard.tsx","statementMap":{"0":{"start":{"line":17,"column":8},"end":{"line":17,"column":null}},"1":{"start":{"line":18,"column":8},"end":{"line":18,"column":null}},"2":{"start":{"line":19,"column":8},"end":{"line":19,"column":null}},"3":{"start":{"line":22,"column":4},"end":{"line":22,"column":null}},"4":{"start":{"line":23,"column":18},"end":{"line":23,"column":null}},"5":{"start":{"line":25,"column":2},"end":{"line":43,"column":null}},"6":{"start":{"line":26,"column":4},"end":{"line":41,"column":null}},"7":{"start":{"line":45,"column":2},"end":{"line":63,"column":null}},"8":{"start":{"line":46,"column":4},"end":{"line":61,"column":null}},"9":{"start":{"line":54,"column":12},"end":{"line":57,"column":null}},"10":{"start":{"line":65,"column":15},"end":{"line":65,"column":null}},"11":{"start":{"line":66,"column":25},"end":{"line":66,"column":null}},"12":{"start":{"line":66,"column":44},"end":{"line":66,"column":66}},"13":{"start":{"line":67,"column":20},"end":{"line":67,"column":null}},"14":{"start":{"line":68,"column":22},"end":{"line":68,"column":null}},"15":{"start":{"line":69,"column":23},"end":{"line":69,"column":null}},"16":{"start":{"line":71,"column":4},"end":{"line":71,"column":null}},"17":{"start":{"line":73,"column":2},"end":{"line":166,"column":null}}},"fnMap":{"0":{"name":"Dashboard","decl":{"start":{"line":16,"column":16},"end":{"line":16,"column":28}},"loc":{"start":{"line":16,"column":28},"end":{"line":168,"column":null}},"line":16},"1":{"name":"(anonymous_1)","decl":{"start":{"line":53,"column":28},"end":{"line":53,"column":29}},"loc":{"start":{"line":54,"column":12},"end":{"line":57,"column":null}},"line":54},"2":{"name":"(anonymous_2)","decl":{"start":{"line":66,"column":37},"end":{"line":66,"column":38}},"loc":{"start":{"line":66,"column":44},"end":{"line":66,"column":66}},"line":66}},"branchMap":{"0":{"loc":{"start":{"line":22,"column":4},"end":{"line":22,"column":null}},"type":"binary-expr","locations":[{"start":{"line":22,"column":4},"end":{"line":22,"column":27}},{"start":{"line":22,"column":27},"end":{"line":22,"column":52}},{"start":{"line":22,"column":52},"end":{"line":22,"column":null}}],"line":22},"1":{"loc":{"start":{"line":25,"column":2},"end":{"line":43,"column":null}},"type":"if","locations":[{"start":{"line":25,"column":2},"end":{"line":43,"column":null}},{"start":{},"end":{}}],"line":25},"2":{"loc":{"start":{"line":38,"column":13},"end":{"line":38,"column":null}},"type":"binary-expr","locations":[{"start":{"line":38,"column":13},"end":{"line":38,"column":41}},{"start":{"line":38,"column":41},"end":{"line":38,"column":null}}],"line":38},"3":{"loc":{"start":{"line":45,"column":2},"end":{"line":63,"column":null}},"type":"if","locations":[{"start":{"line":45,"column":2},"end":{"line":63,"column":null}},{"start":{},"end":{}}],"line":45},"4":{"loc":{"start":{"line":65,"column":15},"end":{"line":65,"column":null}},"type":"binary-expr","locations":[{"start":{"line":65,"column":15},"end":{"line":65,"column":40}},{"start":{"line":65,"column":40},"end":{"line":65,"column":null}}],"line":65},"5":{"loc":{"start":{"line":67,"column":20},"end":{"line":67,"column":null}},"type":"binary-expr","locations":[{"start":{"line":67,"column":20},"end":{"line":67,"column":45}},{"start":{"line":67,"column":45},"end":{"line":67,"column":null}}],"line":67},"6":{"loc":{"start":{"line":68,"column":22},"end":{"line":68,"column":null}},"type":"binary-expr","locations":[{"start":{"line":68,"column":22},"end":{"line":68,"column":49}},{"start":{"line":68,"column":49},"end":{"line":68,"column":null}}],"line":68},"7":{"loc":{"start":{"line":69,"column":23},"end":{"line":69,"column":null}},"type":"cond-expr","locations":[{"start":{"line":69,"column":59},"end":{"line":69,"column":70}},{"start":{"line":69,"column":70},"end":{"line":69,"column":null}}],"line":69},"8":{"loc":{"start":{"line":71,"column":4},"end":{"line":71,"column":null}},"type":"cond-expr","locations":[{"start":{"line":71,"column":40},"end":{"line":71,"column":52}},{"start":{"line":71,"column":52},"end":{"line":71,"column":null}}],"line":71},"9":{"loc":{"start":{"line":145,"column":49},"end":{"line":145,"column":120}},"type":"cond-expr","locations":[{"start":{"line":145,"column":77},"end":{"line":145,"column":108}},{"start":{"line":145,"column":108},"end":{"line":145,"column":120}}],"line":145}},"s":{"0":15,"1":15,"2":15,"3":15,"4":15,"5":15,"6":1,"7":14,"8":9,"9":36,"10":5,"11":15,"12":10,"13":15,"14":15,"15":15,"16":15,"17":15},"f":{"0":15,"1":36,"2":10},"b":{"0":[15,6,6],"1":[1,14],"2":[1,0],"3":[9,5],"4":[5,0],"5":[15,0],"6":[15,0],"7":[5,0],"8":[5,0],"9":[5,0]},"meta":{"lastBranch":10,"lastFunction":3,"lastStatement":18,"seen":{"f:16:16:16:28":0,"s:17:8:17:Infinity":0,"s:18:8:18:Infinity":1,"s:19:8:19:Infinity":2,"s:22:4:22:Infinity":3,"b:22:4:22:27:22:27:22:52:22:52:22:Infinity":0,"s:23:18:23:Infinity":4,"b:25:2:43:Infinity:undefined:undefined:undefined:undefined":1,"s:25:2:43:Infinity":5,"s:26:4:41:Infinity":6,"b:38:13:38:41:38:41:38:Infinity":2,"b:45:2:63:Infinity:undefined:undefined:undefined:undefined":3,"s:45:2:63:Infinity":7,"s:46:4:61:Infinity":8,"f:53:28:53:29":1,"s:54:12:57:Infinity":9,"s:65:15:65:Infinity":10,"b:65:15:65:40:65:40:65:Infinity":4,"s:66:25:66:Infinity":11,"f:66:37:66:38":2,"s:66:44:66:66":12,"s:67:20:67:Infinity":13,"b:67:20:67:45:67:45:67:Infinity":5,"s:68:22:68:Infinity":14,"b:68:22:68:49:68:49:68:Infinity":6,"s:69:23:69:Infinity":15,"b:69:59:69:70:69:70:69:Infinity":7,"s:71:4:71:Infinity":16,"b:71:40:71:52:71:52:71:Infinity":8,"s:73:2:166:Infinity":17,"b:145:77:145:108:145:108:145:120":9}}}
,"/weaver/haro/src/pages/NotFound.tsx": {"path":"/weaver/haro/src/pages/NotFound.tsx","statementMap":{"0":{"start":{"line":4,"column":2},"end":{"line":17,"column":null}}},"fnMap":{"0":{"name":"NotFound","decl":{"start":{"line":3,"column":16},"end":{"line":3,"column":27}},"loc":{"start":{"line":3,"column":27},"end":{"line":19,"column":null}},"line":3}},"branchMap":{},"s":{"0":0},"f":{"0":0},"b":{},"meta":{"lastBranch":0,"lastFunction":1,"lastStatement":1,"seen":{"f:3:16:3:27":0,"s:4:2:17:Infinity":0}}}
,"/weaver/haro/src/pages/OrdersPage.tsx": {"path":"/weaver/haro/src/pages/OrdersPage.tsx","statementMap":{"0":{"start":{"line":16,"column":38},"end":{"line":25,"column":null}},"1":{"start":{"line":28,"column":21},"end":{"line":28,"column":null}},"2":{"start":{"line":29,"column":19},"end":{"line":29,"column":null}},"3":{"start":{"line":31,"column":38},"end":{"line":31,"column":null}},"4":{"start":{"line":32,"column":20},"end":{"line":32,"column":null}},"5":{"start":{"line":33,"column":40},"end":{"line":33,"column":null}},"6":{"start":{"line":35,"column":8},"end":{"line":40,"column":null}},"7":{"start":{"line":42,"column":20},"end":{"line":42,"column":null}},"8":{"start":{"line":43,"column":18},"end":{"line":43,"column":null}},"9":{"start":{"line":46,"column":2},"end":{"line":64,"column":null}},"10":{"start":{"line":47,"column":4},"end":{"line":62,"column":null}},"11":{"start":{"line":67,"column":2},"end":{"line":86,"column":null}},"12":{"start":{"line":68,"column":4},"end":{"line":84,"column":null}},"13":{"start":{"line":77,"column":14},"end":{"line":80,"column":null}},"14":{"start":{"line":89,"column":17},"end":{"line":89,"column":null}},"15":{"start":{"line":91,"column":2},"end":{"line":127,"column":null}},"16":{"start":{"line":106,"column":29},"end":{"line":106,"column":null}},"17":{"start":{"line":111,"column":14},"end":{"line":113,"column":null}},"18":{"start":{"line":124,"column":25},"end":{"line":124,"column":null}}},"fnMap":{"0":{"name":"OrdersPage","decl":{"start":{"line":27,"column":16},"end":{"line":27,"column":29}},"loc":{"start":{"line":27,"column":29},"end":{"line":129,"column":null}},"line":27},"1":{"name":"(anonymous_1)","decl":{"start":{"line":76,"column":27},"end":{"line":76,"column":28}},"loc":{"start":{"line":77,"column":14},"end":{"line":80,"column":null}},"line":77},"2":{"name":"(anonymous_2)","decl":{"start":{"line":106,"column":22},"end":{"line":106,"column":23}},"loc":{"start":{"line":106,"column":29},"end":{"line":106,"column":null}},"line":106},"3":{"name":"(anonymous_3)","decl":{"start":{"line":110,"column":32},"end":{"line":110,"column":33}},"loc":{"start":{"line":111,"column":14},"end":{"line":113,"column":null}},"line":111},"4":{"name":"(anonymous_4)","decl":{"start":{"line":124,"column":19},"end":{"line":124,"column":25}},"loc":{"start":{"line":124,"column":25},"end":{"line":124,"column":null}},"line":124}},"branchMap":{"0":{"loc":{"start":{"line":29,"column":19},"end":{"line":29,"column":null}},"type":"binary-expr","locations":[{"start":{"line":29,"column":19},"end":{"line":29,"column":49}},{"start":{"line":29,"column":49},"end":{"line":29,"column":null}}],"line":29},"1":{"loc":{"start":{"line":32,"column":41},"end":{"line":32,"column":55}},"type":"binary-expr","locations":[{"start":{"line":32,"column":41},"end":{"line":32,"column":53}},{"start":{"line":32,"column":53},"end":{"line":32,"column":55}}],"line":32},"2":{"loc":{"start":{"line":38,"column":12},"end":{"line":38,"column":null}},"type":"binary-expr","locations":[{"start":{"line":38,"column":12},"end":{"line":38,"column":27}},{"start":{"line":38,"column":27},"end":{"line":38,"column":null}}],"line":38},"3":{"loc":{"start":{"line":39,"column":12},"end":{"line":39,"column":null}},"type":"binary-expr","locations":[{"start":{"line":39,"column":12},"end":{"line":39,"column":28}},{"start":{"line":39,"column":28},"end":{"line":39,"column":null}}],"line":39},"4":{"loc":{"start":{"line":46,"column":2},"end":{"line":64,"column":null}},"type":"if","locations":[{"start":{"line":46,"column":2},"end":{"line":64,"column":null}},{"start":{},"end":{}}],"line":46},"5":{"loc":{"start":{"line":59,"column":13},"end":{"line":59,"column":null}},"type":"binary-expr","locations":[{"start":{"line":59,"column":13},"end":{"line":59,"column":43}},{"start":{"line":59,"column":43},"end":{"line":59,"column":null}}],"line":59},"6":{"loc":{"start":{"line":67,"column":2},"end":{"line":86,"column":null}},"type":"if","locations":[{"start":{"line":67,"column":2},"end":{"line":86,"column":null}},{"start":{},"end":{}}],"line":67},"7":{"loc":{"start":{"line":89,"column":17},"end":{"line":89,"column":null}},"type":"binary-expr","locations":[{"start":{"line":89,"column":17},"end":{"line":89,"column":44}},{"start":{"line":89,"column":44},"end":{"line":89,"column":null}}],"line":89},"8":{"loc":{"start":{"line":97,"column":13},"end":{"line":99,"column":null}},"type":"cond-expr","locations":[{"start":{"line":98,"column":16},"end":{"line":98,"column":null}},{"start":{"line":99,"column":16},"end":{"line":99,"column":null}}],"line":97},"9":{"loc":{"start":{"line":121,"column":7},"end":{"line":125,"column":null}},"type":"binary-expr","locations":[{"start":{"line":121,"column":7},"end":{"line":121,"column":null}},{"start":{"line":122,"column":8},"end":{"line":125,"column":null}}],"line":121}},"s":{"0":2,"1":19,"2":19,"3":19,"4":19,"5":19,"6":19,"7":19,"8":19,"9":19,"10":1,"11":18,"12":9,"13":27,"14":9,"15":19,"16":1,"17":72,"18":1},"f":{"0":19,"1":27,"2":1,"3":72,"4":1},"b":{"0":[19,19],"1":[19,19],"2":[19,19],"3":[19,17],"4":[1,18],"5":[1,0],"6":[9,9],"7":[9,0],"8":[0,9],"9":[19,2]},"meta":{"lastBranch":10,"lastFunction":5,"lastStatement":19,"seen":{"s:16:38:25:Infinity":0,"f:27:16:27:29":0,"s:28:21:28:Infinity":1,"s:29:19:29:Infinity":2,"b:29:19:29:49:29:49:29:Infinity":0,"s:31:38:31:Infinity":3,"s:32:20:32:Infinity":4,"b:32:41:32:53:32:53:32:55":1,"s:33:40:33:Infinity":5,"s:35:8:40:Infinity":6,"b:38:12:38:27:38:27:38:Infinity":2,"b:39:12:39:28:39:28:39:Infinity":3,"s:42:20:42:Infinity":7,"s:43:18:43:Infinity":8,"b:46:2:64:Infinity:undefined:undefined:undefined:undefined":4,"s:46:2:64:Infinity":9,"s:47:4:62:Infinity":10,"b:59:13:59:43:59:43:59:Infinity":5,"b:67:2:86:Infinity:undefined:undefined:undefined:undefined":6,"s:67:2:86:Infinity":11,"s:68:4:84:Infinity":12,"f:76:27:76:28":1,"s:77:14:80:Infinity":13,"s:89:17:89:Infinity":14,"b:89:17:89:44:89:44:89:Infinity":7,"s:91:2:127:Infinity":15,"b:98:16:98:Infinity:99:16:99:Infinity":8,"f:106:22:106:23":2,"s:106:29:106:Infinity":16,"f:110:32:110:33":3,"s:111:14:113:Infinity":17,"b:121:7:121:Infinity:122:8:125:Infinity":9,"f:124:19:124:25":4,"s:124:25:124:Infinity":18}}}
,"/weaver/haro/src/pages/RunsPage.tsx": {"path":"/weaver/haro/src/pages/RunsPage.tsx","statementMap":{"0":{"start":{"line":17,"column":2},"end":{"line":17,"column":null}},"1":{"start":{"line":22,"column":2},"end":{"line":22,"column":null}},"2":{"start":{"line":26,"column":16},"end":{"line":26,"column":null}},"3":{"start":{"line":27,"column":21},"end":{"line":27,"column":null}},"4":{"start":{"line":29,"column":30},"end":{"line":29,"column":null}},"5":{"start":{"line":30,"column":8},"end":{"line":33,"column":null}},"6":{"start":{"line":34,"column":8},"end":{"line":34,"column":null}},"7":{"start":{"line":35,"column":8},"end":{"line":35,"column":null}},"8":{"start":{"line":36,"column":8},"end":{"line":36,"column":null}},"9":{"start":{"line":39,"column":34},"end":{"line":39,"column":null}},"10":{"start":{"line":41,"column":20},"end":{"line":41,"column":null}},"11":{"start":{"line":42,"column":18},"end":{"line":42,"column":null}},"12":{"start":{"line":45,"column":4},"end":{"line":49,"column":null}},"13":{"start":{"line":47,"column":8},"end":{"line":47,"column":null}},"14":{"start":{"line":53,"column":4},"end":{"line":57,"column":null}},"15":{"start":{"line":55,"column":8},"end":{"line":55,"column":null}},"16":{"start":{"line":55,"column":32},"end":{"line":55,"column":56}},"17":{"start":{"line":63,"column":2},"end":{"line":83,"column":null}},"18":{"start":{"line":64,"column":4},"end":{"line":81,"column":null}},"19":{"start":{"line":88,"column":2},"end":{"line":107,"column":null}},"20":{"start":{"line":89,"column":4},"end":{"line":105,"column":null}},"21":{"start":{"line":98,"column":14},"end":{"line":101,"column":null}},"22":{"start":{"line":112,"column":15},"end":{"line":116,"column":null}},"23":{"start":{"line":120,"column":4},"end":{"line":120,"column":null}},"24":{"start":{"line":123,"column":2},"end":{"line":253,"column":null}},"25":{"start":{"line":131,"column":25},"end":{"line":131,"column":null}},"26":{"start":{"line":131,"column":44},"end":{"line":131,"column":46}},"27":{"start":{"line":142,"column":26},"end":{"line":142,"column":null}},"28":{"start":{"line":201,"column":31},"end":{"line":201,"column":null}},"29":{"start":{"line":202,"column":16},"end":{"line":236,"column":null}},"30":{"start":{"line":229,"column":41},"end":{"line":229,"column":null}}},"fnMap":{"0":{"name":"formatDate","decl":{"start":{"line":16,"column":9},"end":{"line":16,"column":20}},"loc":{"start":{"line":16,"column":45},"end":{"line":18,"column":null}},"line":16},"1":{"name":"canStop","decl":{"start":{"line":21,"column":9},"end":{"line":21,"column":17}},"loc":{"start":{"line":21,"column":42},"end":{"line":23,"column":null}},"line":21},"2":{"name":"RunsPage","decl":{"start":{"line":25,"column":16},"end":{"line":25,"column":27}},"loc":{"start":{"line":25,"column":27},"end":{"line":255,"column":null}},"line":25},"3":{"name":"handleCreate","decl":{"start":{"line":44,"column":11},"end":{"line":44,"column":24}},"loc":{"start":{"line":44,"column":41},"end":{"line":50,"column":null}},"line":44},"4":{"name":"(anonymous_4)","decl":{"start":{"line":46,"column":17},"end":{"line":46,"column":23}},"loc":{"start":{"line":46,"column":23},"end":{"line":48,"column":null}},"line":46},"5":{"name":"handleStop","decl":{"start":{"line":52,"column":11},"end":{"line":52,"column":22}},"loc":{"start":{"line":52,"column":37},"end":{"line":58,"column":null}},"line":52},"6":{"name":"(anonymous_6)","decl":{"start":{"line":54,"column":17},"end":{"line":54,"column":23}},"loc":{"start":{"line":54,"column":23},"end":{"line":56,"column":null}},"line":54},"7":{"name":"(anonymous_7)","decl":{"start":{"line":55,"column":22},"end":{"line":55,"column":23}},"loc":{"start":{"line":55,"column":32},"end":{"line":55,"column":56}},"line":55},"8":{"name":"(anonymous_8)","decl":{"start":{"line":97,"column":27},"end":{"line":97,"column":28}},"loc":{"start":{"line":98,"column":14},"end":{"line":101,"column":null}},"line":98},"9":{"name":"effectiveStatus","decl":{"start":{"line":119,"column":11},"end":{"line":119,"column":27}},"loc":{"start":{"line":119,"column":45},"end":{"line":121,"column":null}},"line":119},"10":{"name":"(anonymous_10)","decl":{"start":{"line":131,"column":19},"end":{"line":131,"column":25}},"loc":{"start":{"line":131,"column":25},"end":{"line":131,"column":null}},"line":131},"11":{"name":"(anonymous_11)","decl":{"start":{"line":131,"column":37},"end":{"line":131,"column":38}},"loc":{"start":{"line":131,"column":44},"end":{"line":131,"column":46}},"line":131},"12":{"name":"(anonymous_12)","decl":{"start":{"line":142,"column":20},"end":{"line":142,"column":26}},"loc":{"start":{"line":142,"column":26},"end":{"line":142,"column":null}},"line":142},"13":{"name":"(anonymous_13)","decl":{"start":{"line":200,"column":24},"end":{"line":200,"column":25}},"loc":{"start":{"line":200,"column":33},"end":{"line":238,"column":15}},"line":200},"14":{"name":"(anonymous_14)","decl":{"start":{"line":229,"column":35},"end":{"line":229,"column":41}},"loc":{"start":{"line":229,"column":41},"end":{"line":229,"column":null}},"line":229}},"branchMap":{"0":{"loc":{"start":{"line":22,"column":9},"end":{"line":22,"column":null}},"type":"binary-expr","locations":[{"start":{"line":22,"column":9},"end":{"line":22,"column":33}},{"start":{"line":22,"column":33},"end":{"line":22,"column":null}}],"line":22},"1":{"loc":{"start":{"line":34,"column":26},"end":{"line":34,"column":37}},"type":"binary-expr","locations":[{"start":{"line":34,"column":26},"end":{"line":34,"column":35}},{"start":{"line":34,"column":35},"end":{"line":34,"column":37}}],"line":34},"2":{"loc":{"start":{"line":41,"column":20},"end":{"line":41,"column":null}},"type":"cond-expr","locations":[{"start":{"line":41,"column":33},"end":{"line":41,"column":54}},{"start":{"line":41,"column":54},"end":{"line":41,"column":null}}],"line":41},"3":{"loc":{"start":{"line":42,"column":18},"end":{"line":42,"column":null}},"type":"cond-expr","locations":[{"start":{"line":42,"column":31},"end":{"line":42,"column":50}},{"start":{"line":42,"column":50},"end":{"line":42,"column":null}}],"line":42},"4":{"loc":{"start":{"line":63,"column":2},"end":{"line":83,"column":null}},"type":"if","locations":[{"start":{"line":63,"column":2},"end":{"line":83,"column":null}},{"start":{},"end":{}}],"line":63},"5":{"loc":{"start":{"line":76,"column":14},"end":{"line":78,"column":null}},"type":"binary-expr","locations":[{"start":{"line":76,"column":14},"end":{"line":78,"column":45}},{"start":{"line":78,"column":45},"end":{"line":78,"column":null}}],"line":76},"6":{"loc":{"start":{"line":76,"column":14},"end":{"line":78,"column":45}},"type":"cond-expr","locations":[{"start":{"line":77,"column":16},"end":{"line":77,"column":null}},{"start":{"line":78,"column":16},"end":{"line":78,"column":45}}],"line":76},"7":{"loc":{"start":{"line":88,"column":2},"end":{"line":107,"column":null}},"type":"if","locations":[{"start":{"line":88,"column":2},"end":{"line":107,"column":null}},{"start":{},"end":{}}],"line":88},"8":{"loc":{"start":{"line":112,"column":15},"end":{"line":116,"column":null}},"type":"cond-expr","locations":[{"start":{"line":113,"column":6},"end":{"line":115,"column":null}},{"start":{"line":116,"column":7},"end":{"line":116,"column":null}}],"line":112},"9":{"loc":{"start":{"line":113,"column":6},"end":{"line":115,"column":null}},"type":"cond-expr","locations":[{"start":{"line":114,"column":8},"end":{"line":114,"column":null}},{"start":{"line":115,"column":8},"end":{"line":115,"column":null}}],"line":113},"10":{"loc":{"start":{"line":116,"column":7},"end":{"line":116,"column":null}},"type":"binary-expr","locations":[{"start":{"line":116,"column":7},"end":{"line":116,"column":32}},{"start":{"line":116,"column":32},"end":{"line":116,"column":null}}],"line":116},"11":{"loc":{"start":{"line":120,"column":11},"end":{"line":120,"column":null}},"type":"cond-expr","locations":[{"start":{"line":120,"column":36},"end":{"line":120,"column":48}},{"start":{"line":120,"column":48},"end":{"line":120,"column":null}}],"line":120},"12":{"loc":{"start":{"line":139,"column":7},"end":{"line":144,"column":null}},"type":"binary-expr","locations":[{"start":{"line":139,"column":7},"end":{"line":139,"column":null}},{"start":{"line":140,"column":8},"end":{"line":144,"column":null}}],"line":139},"13":{"loc":{"start":{"line":148,"column":7},"end":{"line":241,"column":null}},"type":"cond-expr","locations":[{"start":{"line":149,"column":8},"end":{"line":170,"column":null}},{"start":{"line":172,"column":8},"end":{"line":241,"column":null}}],"line":148},"14":{"loc":{"start":{"line":227,"column":23},"end":{"line":233,"column":null}},"type":"binary-expr","locations":[{"start":{"line":227,"column":23},"end":{"line":227,"column":null}},{"start":{"line":228,"column":24},"end":{"line":233,"column":null}}],"line":227}},"s":{"0":31,"1":31,"2":35,"3":35,"4":35,"5":35,"6":35,"7":35,"8":35,"9":35,"10":35,"11":35,"12":1,"13":1,"14":1,"15":1,"16":1,"17":35,"18":1,"19":34,"20":17,"21":51,"22":17,"23":31,"24":35,"25":2,"26":2,"27":0,"28":31,"29":31,"30":1},"f":{"0":31,"1":31,"2":35,"3":1,"4":1,"5":1,"6":1,"7":1,"8":51,"9":31,"10":2,"11":2,"12":0,"13":31,"14":1},"b":{"0":[31,16],"1":[35,32],"2":[3,32],"3":[3,32],"4":[1,34],"5":[1,0],"6":[0,1],"7":[17,17],"8":[1,16],"9":[1,0],"10":[16,0],"11":[1,30],"12":[35,2],"13":[1,16],"14":[31,15]},"meta":{"lastBranch":15,"lastFunction":15,"lastStatement":31,"seen":{"f:16:9:16:20":0,"s:17:2:17:Infinity":0,"f:21:9:21:17":1,"s:22:2:22:Infinity":1,"b:22:9:22:33:22:33:22:Infinity":0,"f:25:16:25:27":2,"s:26:16:26:Infinity":2,"s:27:21:27:Infinity":3,"s:29:30:29:Infinity":4,"s:30:8:33:Infinity":5,"s:34:8:34:Infinity":6,"b:34:26:34:35:34:35:34:37":1,"s:35:8:35:Infinity":7,"s:36:8:36:Infinity":8,"s:39:34:39:Infinity":9,"s:41:20:41:Infinity":10,"b:41:33:41:54:41:54:41:Infinity":2,"s:42:18:42:Infinity":11,"b:42:31:42:50:42:50:42:Infinity":3,"f:44:11:44:24":3,"s:45:4:49:Infinity":12,"f:46:17:46:23":4,"s:47:8:47:Infinity":13,"f:52:11:52:22":5,"s:53:4:57:Infinity":14,"f:54:17:54:23":6,"s:55:8:55:Infinity":15,"f:55:22:55:23":7,"s:55:32:55:56":16,"b:63:2:83:Infinity:undefined:undefined:undefined:undefined":4,"s:63:2:83:Infinity":17,"s:64:4:81:Infinity":18,"b:76:14:78:45:78:45:78:Infinity":5,"b:77:16:77:Infinity:78:16:78:45":6,"b:88:2:107:Infinity:undefined:undefined:undefined:undefined":7,"s:88:2:107:Infinity":19,"s:89:4:105:Infinity":20,"f:97:27:97:28":8,"s:98:14:101:Infinity":21,"s:112:15:116:Infinity":22,"b:113:6:115:Infinity:116:7:116:Infinity":8,"b:114:8:114:Infinity:115:8:115:Infinity":9,"b:116:7:116:32:116:32:116:Infinity":10,"f:119:11:119:27":9,"s:120:4:120:Infinity":23,"b:120:36:120:48:120:48:120:Infinity":11,"s:123:2:253:Infinity":24,"f:131:19:131:25":10,"s:131:25:131:Infinity":25,"f:131:37:131:38":11,"s:131:44:131:46":26,"b:139:7:139:Infinity:140:8:144:Infinity":12,"f:142:20:142:26":12,"s:142:26:142:Infinity":27,"b:149:8:170:Infinity:172:8:241:Infinity":13,"f:200:24:200:25":13,"s:201:31:201:Infinity":28,"s:202:16:236:Infinity":29,"b:227:23:227:Infinity:228:24:233:Infinity":14,"f:229:35:229:41":14,"s:229:41:229:Infinity":30}}}
,"/weaver/haro/src/pages/index.ts": {"path":"/weaver/haro/src/pages/index.ts","statementMap":{},"fnMap":{},"branchMap":{},"s":{},"f":{},"b":{},"meta":{"lastBranch":0,"lastFunction":0,"lastStatement":0,"seen":{}}}
,"/weaver/haro/src/stores/notificationStore.ts": {"path":"/weaver/haro/src/stores/notificationStore.ts","statementMap":{"0":{"start":{"line":40,"column":24},"end":{"line":40,"column":null}},"1":{"start":{"line":46,"column":15},"end":{"line":46,"column":null}},"2":{"start":{"line":48,"column":13},"end":{"line":79,"column":null}},"3":{"start":{"line":48,"column":77},"end":{"line":79,"column":2}},"4":{"start":{"line":52,"column":15},"end":{"line":52,"column":null}},"5":{"start":{"line":53,"column":39},"end":{"line":58,"column":null}},"6":{"start":{"line":60,"column":4},"end":{"line":62,"column":null}},"7":{"start":{"line":60,"column":20},"end":{"line":62,"column":6}},"8":{"start":{"line":65,"column":4},"end":{"line":67,"column":null}},"9":{"start":{"line":66,"column":6},"end":{"line":66,"column":null}},"10":{"start":{"line":71,"column":4},"end":{"line":73,"column":null}},"11":{"start":{"line":71,"column":20},"end":{"line":73,"column":6}},"12":{"start":{"line":72,"column":55},"end":{"line":72,"column":66}},"13":{"start":{"line":77,"column":4},"end":{"line":77,"column":null}}},"fnMap":{"0":{"name":"(anonymous_0)","decl":{"start":{"line":48,"column":62},"end":{"line":48,"column":63}},"loc":{"start":{"line":48,"column":77},"end":{"line":79,"column":2}},"line":48},"1":{"name":"(anonymous_1)","decl":{"start":{"line":51,"column":19},"end":{"line":51,"column":20}},"loc":{"start":{"line":51,"column":49},"end":{"line":68,"column":null}},"line":51},"2":{"name":"(anonymous_2)","decl":{"start":{"line":60,"column":8},"end":{"line":60,"column":9}},"loc":{"start":{"line":60,"column":20},"end":{"line":62,"column":6}},"line":60},"3":{"name":"(anonymous_3)","decl":{"start":{"line":65,"column":15},"end":{"line":65,"column":21}},"loc":{"start":{"line":65,"column":21},"end":{"line":67,"column":7}},"line":65},"4":{"name":"(anonymous_4)","decl":{"start":{"line":70,"column":22},"end":{"line":70,"column":23}},"loc":{"start":{"line":70,"column":38},"end":{"line":74,"column":null}},"line":70},"5":{"name":"(anonymous_5)","decl":{"start":{"line":71,"column":8},"end":{"line":71,"column":9}},"loc":{"start":{"line":71,"column":20},"end":{"line":73,"column":6}},"line":71},"6":{"name":"(anonymous_6)","decl":{"start":{"line":72,"column":48},"end":{"line":72,"column":49}},"loc":{"start":{"line":72,"column":55},"end":{"line":72,"column":66}},"line":72},"7":{"name":"(anonymous_7)","decl":{"start":{"line":76,"column":12},"end":{"line":76,"column":18}},"loc":{"start":{"line":76,"column":18},"end":{"line":78,"column":null}},"line":76}},"branchMap":{},"s":{"0":4,"1":4,"2":4,"3":4,"4":20,"5":20,"6":20,"7":20,"8":20,"9":1,"10":3,"11":3,"12":4,"13":23},"f":{"0":4,"1":20,"2":20,"3":1,"4":3,"5":3,"6":4,"7":23},"b":{},"meta":{"lastBranch":0,"lastFunction":8,"lastStatement":14,"seen":{"s:40:24:40:Infinity":0,"s:46:15:46:Infinity":1,"s:48:13:79:Infinity":2,"f:48:62:48:63":0,"s:48:77:79:2":3,"f:51:19:51:20":1,"s:52:15:52:Infinity":4,"s:53:39:58:Infinity":5,"s:60:4:62:Infinity":6,"f:60:8:60:9":2,"s:60:20:62:6":7,"s:65:4:67:Infinity":8,"f:65:15:65:21":3,"s:66:6:66:Infinity":9,"f:70:22:70:23":4,"s:71:4:73:Infinity":10,"f:71:8:71:9":5,"s:71:20:73:6":11,"f:72:48:72:49":6,"s:72:55:72:66":12,"f:76:12:76:18":7,"s:77:4:77:Infinity":13}}}
}
